INFO 2026-01-09 12:29:24,836 views 6992 13384 Decoded session: '2025/2026', term: 'First Term'
INFO 2026-01-09 22:41:49,341 views 1156 2904 Decoded session: '2025/2026', term: 'First Term'
INFO 2026-01-11 14:55:54,989 views 12092 7920 Decoded session: '2025/2026', term: 'First Term'
INFO 2026-01-15 23:55:54,242 views 10868 9116 Decoded session: '2025/2026', term: 'First Term'
INFO 2026-01-17 23:35:39,982 views 6884 3256 Decoded session: '2025/2026', term: 'First Term'
INFO 2026-01-17 23:46:20,338 views 6884 1456 Decoded session: '2025/2026', term: 'First Term'
INFO 2026-01-18 14:19:29,742 views 5668 4616 Decoded session: '2025/2026', term: 'First Term'
INFO 2026-01-18 14:21:08,983 views 5668 4616 Decoded session: '2025/2026', term: 'First Term'
INFO 2026-01-18 14:27:40,181 views 5668 7612 Decoded session: '2025/2026', term: 'First Term'
INFO 2026-01-18 14:34:43,413 views 5668 13800 Decoded session: '2025/2026', term: 'First Term'
INFO 2026-01-18 14:36:29,151 views 5668 13800 Decoded session: '2025/2026', term: 'First Term'
INFO 2026-01-18 14:38:04,722 views 5668 13800 Decoded session: '2025/2026', term: 'First Term'
INFO 2026-01-18 14:43:05,006 views 5668 13800 Decoded session: '2025/2026', term: 'First Term'
INFO 2026-01-18 14:57:49,187 views 2416 13184 Decoded session: '2025/2026', term: 'First Term'
INFO 2026-01-18 14:59:07,317 views 2416 13184 Decoded session: '2025/2026', term: 'First Term'
INFO 2026-01-18 15:11:23,071 views 11128 11484 Decoded session: '2025/2026', term: 'First Term'
INFO 2026-01-18 15:11:40,120 views 11128 11484 Decoded session: '2025/2026', term: 'First Term'
INFO 2026-01-18 15:12:16,327 views 11128 11484 Decoded session: '2025/2026', term: 'First Term'
INFO 2026-01-18 15:23:04,973 views 13548 13360 Decoded session: '2025/2026', term: 'First Term'
INFO 2026-01-18 15:26:15,764 views 13548 5144 Decoded session: '2025/2026', term: 'First Term'
INFO 2026-01-18 15:29:06,718 views 4368 7896 Decoded session: '2025/2026', term: 'First Term'
INFO 2026-01-18 15:32:34,078 views 1316 11732 Decoded session: '2025/2026', term: 'First Term'
INFO 2026-01-18 15:33:00,633 views 1316 11732 Decoded session: '2025/2026', term: 'First Term'
INFO 2026-01-18 15:52:08,495 views 6072 8524 Decoded session: '2025/2026', term: 'First Term'
INFO 2026-01-18 16:00:23,209 views 6072 7528 Decoded session: '2025/2026', term: 'First Term'
INFO 2026-01-18 16:01:56,842 views 6072 7528 Decoded session: '2025/2026', term: 'First Term'
INFO 2026-01-18 16:03:42,493 views 6072 7528 Decoded session: '2025/2026', term: 'First Term'
INFO 2026-01-18 16:09:44,892 views 6072 8304 Decoded session: '2025/2026', term: 'First Term'
INFO 2026-01-18 16:24:16,623 views 7004 6032 Decoded session: '2025/2026', term: 'First Term'
INFO 2026-01-18 16:28:58,738 views 7004 5688 Decoded session: '2025/2026', term: 'First Term'
INFO 2026-01-18 16:36:01,132 views 7004 7804 Decoded session: '2025/2026', term: 'First Term'
INFO 2026-01-18 16:41:21,684 views 7004 11500 Decoded session: '2025/2026', term: 'First Term'
INFO 2026-01-18 16:45:28,639 views 7004 11500 Decoded session: '2025/2026', term: 'First Term'
INFO 2026-01-18 17:36:38,227 views 7004 12200 Decoded session: '2025/2026', term: 'First Term'
INFO 2026-01-18 17:39:31,710 views 7004 12200 Decoded session: '2025/2026', term: 'First Term'
INFO 2026-01-18 17:54:16,964 views 7004 1328 Decoded session: '2025/2026', term: 'First Term'
INFO 2026-01-18 17:59:06,147 views 7004 1328 Decoded session: '2025/2026', term: 'First Term'
INFO 2026-01-18 18:00:37,594 views 7004 1328 Decoded session: '2025/2026', term: 'First Term'
INFO 2026-01-18 18:01:57,264 views 7004 1328 Decoded session: '2025/2026', term: 'First Term'
INFO 2026-01-18 18:22:53,412 views 7160 7260 Decoded session: '2025/2026', term: 'First Term'
INFO 2026-01-18 18:27:23,600 views 8944 2836 Decoded session: '2025/2026', term: 'First Term'
INFO 2026-01-18 18:28:41,338 views 11640 6184 Decoded session: '2025/2026', term: 'First Term'
INFO 2026-01-18 18:29:50,592 views 4636 12764 Decoded session: '2025/2026', term: 'First Term'
INFO 2026-01-18 18:40:27,122 views 4636 9340 Decoded session: '2025/2026', term: 'First Term'
INFO 2026-01-18 18:48:33,626 views 4636 11712 Decoded session: '2025/2026', term: 'First Term'
INFO 2026-01-18 18:49:52,762 views 4636 11712 Decoded session: '2025/2026', term: 'First Term'
INFO 2026-01-18 18:50:55,858 views 4636 11712 Decoded session: '2025/2026', term: 'First Term'
INFO 2026-01-18 18:55:05,590 views 4636 11712 Decoded session: '2025/2026', term: 'First Term'
INFO 2026-01-18 18:56:09,999 views 4636 11712 Decoded session: '2025/2026', term: 'First Term'
INFO 2026-01-18 18:57:51,672 views 4636 11712 Decoded session: '2025/2026', term: 'First Term'
INFO 2026-01-18 19:03:06,435 views 4636 11712 Decoded session: '2025/2026', term: 'First Term'
INFO 2026-01-18 19:07:12,102 views 4636 14208 Decoded session: '2025/2026', term: 'First Term'
INFO 2026-01-18 19:10:20,985 views 4636 14208 Decoded session: '2025/2026', term: 'First Term'
INFO 2026-01-18 19:11:33,579 views 4636 14208 Decoded session: '2025/2026', term: 'First Term'
INFO 2026-01-18 19:13:46,593 views 4636 5940 Decoded session: '2025/2026', term: 'First Term'
INFO 2026-01-18 19:20:37,689 views 4636 628 Decoded session: '2025/2026', term: 'First Term'
INFO 2026-01-18 19:23:26,729 views 4636 628 Decoded session: '2025/2026', term: 'First Term'
INFO 2026-01-18 19:29:07,984 views 4636 628 Decoded session: '2025/2026', term: 'First Term'
INFO 2026-01-18 19:34:37,078 views 4636 7156 Decoded session: '2025/2026', term: 'First Term'
INFO 2026-01-18 19:38:14,288 views 4636 7156 Decoded session: '2025/2026', term: 'First Term'
INFO 2026-01-18 19:44:47,359 views 4636 116 Decoded session: '2025/2026', term: 'First Term'
INFO 2026-01-19 18:35:04,882 views 12168 1528 Decoded session: '2025/2026', term: 'First Term'
INFO 2026-01-19 18:41:30,732 views 12168 7636 Decoded session: '2025/2026', term: 'First Term'
INFO 2026-01-19 18:46:59,713 views 12168 7636 Decoded session: '2025/2026', term: 'First Term'
INFO 2026-01-19 18:57:12,689 views 12168 9156 Decoded session: '2025/2026', term: 'First Term'
INFO 2026-01-19 18:59:10,121 views 12168 9156 Decoded session: '2025/2026', term: 'First Term'
INFO 2026-01-19 19:14:18,776 views 12168 6132 Decoded session: '2025/2026', term: 'First Term'
INFO 2026-01-19 19:15:52,679 views 12168 6132 Decoded session: '2025/2026', term: 'First Term'
INFO 2026-01-19 19:20:34,438 views 12168 6132 Decoded session: '2025/2026', term: 'First Term'
INFO 2026-01-19 19:25:49,841 views 12168 10288 Decoded session: '2025/2026', term: 'First Term'
INFO 2026-01-19 19:27:53,059 views 12168 10288 Decoded session: '2025/2026', term: 'First Term'
INFO 2026-01-19 19:30:04,780 views 12168 10288 Decoded session: '2025/2026', term: 'First Term'
INFO 2026-01-19 19:32:26,887 views 12168 10288 Decoded session: '2025/2026', term: 'First Term'
INFO 2026-01-19 19:41:35,677 views 12168 10288 Decoded session: '2025/2026', term: 'First Term'
INFO 2026-01-19 19:44:03,822 views 12168 10288 Decoded session: '2025/2026', term: 'First Term'
INFO 2026-01-21 21:25:35,353 views 11636 8180 Decoded session: '2025/2026', term: 'First Term'
INFO 2026-01-21 21:26:45,857 views 11636 8180 Decoded session: '2025/2026', term: 'First Term'
INFO 2026-02-02 16:04:26,968 views 12040 1232 Decoded session: '2025/2026', term: 'First Term'
INFO 2026-02-02 16:11:21,591 views 12040 13928 Decoded session: '2025/2026', term: 'First Term'
INFO 2026-02-13 12:29:18,712 views 7692 9184 Decoded session: '2025/2026', term: 'First Term'
INFO 2026-02-19 16:50:43,032 views 2320 4468 Decoded session: '2025/2026', term: 'First Term'
INFO 2026-02-19 16:54:48,717 views 2320 4468 Decoded session: '2025/2026', term: 'First Term'
INFO 2026-02-19 16:55:47,785 views 2320 4468 Decoded session: '2025/2026', term: 'First Term'
INFO 2026-02-19 16:56:28,963 views 2320 4468 Decoded session: '2025/2026', term: 'First Term'
INFO 2026-02-19 17:06:08,694 views 2320 4468 Decoded session: '2025/2026', term: 'First Term'
INFO 2026-02-19 17:40:47,119 views 888 11912 Decoded session: '2025/2026', term: 'First Term'
INFO 2026-02-20 11:44:05,175 views 2884 15252 Decoded session: '2025/2026', term: 'First Term'
ERROR 2026-02-20 13:49:56,687 views 14376 5100 Paystack initialize: connection or timeout
Traceback (most recent call last):
  File "C:\Users\USER\django\schoolresult\venv\Lib\site-packages\urllib3\connectionpool.py", line 787, in urlopen
    response = self._make_request(
        conn,
    ...<10 lines>...
        **response_kw,
    )
  File "C:\Users\USER\django\schoolresult\venv\Lib\site-packages\urllib3\connectionpool.py", line 534, in _make_request
    response = conn.getresponse()
  File "C:\Users\USER\django\schoolresult\venv\Lib\site-packages\urllib3\connection.py", line 565, in getresponse
    httplib_response = super().getresponse()
  File "C:\Users\USER\AppData\Local\Programs\Python\Python313\Lib\http\client.py", line 1430, in getresponse
    response.begin()
    ~~~~~~~~~~~~~~^^
  File "C:\Users\USER\AppData\Local\Programs\Python\Python313\Lib\http\client.py", line 331, in begin
    version, status, reason = self._read_status()
                              ~~~~~~~~~~~~~~~~~^^
  File "C:\Users\USER\AppData\Local\Programs\Python\Python313\Lib\http\client.py", line 292, in _read_status
    line = str(self.fp.readline(_MAXLINE + 1), "iso-8859-1")
               ~~~~~~~~~~~~~~~~^^^^^^^^^^^^^^
  File "C:\Users\USER\AppData\Local\Programs\Python\Python313\Lib\socket.py", line 719, in readinto
    return self._sock.recv_into(b)
           ~~~~~~~~~~~~~~~~~~~~^^^
  File "C:\Users\USER\AppData\Local\Programs\Python\Python313\Lib\ssl.py", line 1304, in recv_into
    return self.read(nbytes, buffer)
           ~~~~~~~~~^^^^^^^^^^^^^^^^
  File "C:\Users\USER\AppData\Local\Programs\Python\Python313\Lib\ssl.py", line 1138, in read
    return self._sslobj.read(len, buffer)
           ~~~~~~~~~~~~~~~~~^^^^^^^^^^^^^
ConnectionResetError: [WinError 10054] An existing connection was forcibly closed by the remote host

During handling of the above exception, another exception occurred:

Traceback (most recent call last):
  File "C:\Users\USER\django\schoolresult\venv\Lib\site-packages\requests\adapters.py", line 667, in send
    resp = conn.urlopen(
        method=request.method,
    ...<9 lines>...
        chunked=chunked,
    )
  File "C:\Users\USER\django\schoolresult\venv\Lib\site-packages\urllib3\connectionpool.py", line 841, in urlopen
    retries = retries.increment(
        method, url, error=new_e, _pool=self, _stacktrace=sys.exc_info()[2]
    )
  File "C:\Users\USER\django\schoolresult\venv\Lib\site-packages\urllib3\util\retry.py", line 474, in increment
    raise reraise(type(error), error, _stacktrace)
          ~~~~~~~^^^^^^^^^^^^^^^^^^^^^^^^^^^^^^^^^
  File "C:\Users\USER\django\schoolresult\venv\Lib\site-packages\urllib3\util\util.py", line 38, in reraise
    raise value.with_traceback(tb)
  File "C:\Users\USER\django\schoolresult\venv\Lib\site-packages\urllib3\connectionpool.py", line 787, in urlopen
    response = self._make_request(
        conn,
    ...<10 lines>...
        **response_kw,
    )
  File "C:\Users\USER\django\schoolresult\venv\Lib\site-packages\urllib3\connectionpool.py", line 534, in _make_request
    response = conn.getresponse()
  File "C:\Users\USER\django\schoolresult\venv\Lib\site-packages\urllib3\connection.py", line 565, in getresponse
    httplib_response = super().getresponse()
  File "C:\Users\USER\AppData\Local\Programs\Python\Python313\Lib\http\client.py", line 1430, in getresponse
    response.begin()
    ~~~~~~~~~~~~~~^^
  File "C:\Users\USER\AppData\Local\Programs\Python\Python313\Lib\http\client.py", line 331, in begin
    version, status, reason = self._read_status()
                              ~~~~~~~~~~~~~~~~~^^
  File "C:\Users\USER\AppData\Local\Programs\Python\Python313\Lib\http\client.py", line 292, in _read_status
    line = str(self.fp.readline(_MAXLINE + 1), "iso-8859-1")
               ~~~~~~~~~~~~~~~~^^^^^^^^^^^^^^
  File "C:\Users\USER\AppData\Local\Programs\Python\Python313\Lib\socket.py", line 719, in readinto
    return self._sock.recv_into(b)
           ~~~~~~~~~~~~~~~~~~~~^^^
  File "C:\Users\USER\AppData\Local\Programs\Python\Python313\Lib\ssl.py", line 1304, in recv_into
    return self.read(nbytes, buffer)
           ~~~~~~~~~^^^^^^^^^^^^^^^^
  File "C:\Users\USER\AppData\Local\Programs\Python\Python313\Lib\ssl.py", line 1138, in read
    return self._sslobj.read(len, buffer)
           ~~~~~~~~~~~~~~~~~^^^^^^^^^^^^^
urllib3.exceptions.ProtocolError: ('Connection aborted.', ConnectionResetError(10054, 'An existing connection was forcibly closed by the remote host', None, 10054, None))

During handling of the above exception, another exception occurred:

Traceback (most recent call last):
  File "C:\Users\USER\django\schoolresult\school\score\views.py", line 4962, in process_payment
    response = _paystack_post(
        f"{PAYSTACK_BASE_URL}/transaction/initialize",
    ...<2 lines>...
        timeout=30,
    )
  File "C:\Users\USER\django\schoolresult\school\score\views.py", line 4920, in _paystack_post
    return _paystack_session().post(url, json=json_data, headers=headers, timeout=timeout)
           ~~~~~~~~~~~~~~~~~~~~~~~~^^^^^^^^^^^^^^^^^^^^^^^^^^^^^^^^^^^^^^^^^^^^^^^^^^^^^^^
  File "C:\Users\USER\django\schoolresult\venv\Lib\site-packages\requests\sessions.py", line 637, in post
    return self.request("POST", url, data=data, json=json, **kwargs)
           ~~~~~~~~~~~~^^^^^^^^^^^^^^^^^^^^^^^^^^^^^^^^^^^^^^^^^^^^^
  File "C:\Users\USER\django\schoolresult\venv\Lib\site-packages\requests\sessions.py", line 589, in request
    resp = self.send(prep, **send_kwargs)
  File "C:\Users\USER\django\schoolresult\venv\Lib\site-packages\requests\sessions.py", line 703, in send
    r = adapter.send(request, **kwargs)
  File "C:\Users\USER\django\schoolresult\venv\Lib\site-packages\requests\adapters.py", line 682, in send
    raise ConnectionError(err, request=request)
requests.exceptions.ConnectionError: ('Connection aborted.', ConnectionResetError(10054, 'An existing connection was forcibly closed by the remote host', None, 10054, None))
INFO 2026-02-20 14:51:07,587 views 10860 9736 Decoded session: '2025/2026', term: 'First Term'
INFO 2026-02-23 11:05:43,619 views 10832 8724 Decoded session: '2025/2026', term: 'Second Term'
INFO 2026-02-23 14:52:18,801 views 13396 656 Decoded session: '2025/2026', term: 'Second Term'
INFO 2026-02-23 15:09:41,307 views 13396 8268 Decoded session: '2025/2026', term: 'Second Term'
INFO 2026-02-23 15:15:22,240 views 13396 8268 Decoded session: '2025/2026', term: 'Second Term'
INFO 2026-02-23 15:22:18,563 views 13396 8268 Decoded session: '2025/2026', term: 'Second Term'
INFO 2026-02-24 09:55:40,146 views 2292 6304 Decoded session: '2025/2026', term: 'Second Term'
ERROR 2026-02-25 12:40:15,876 views 9676 15616 Paystack verification failure
Traceback (most recent call last):
  File "C:\Users\USER\django\schoolresult\venv\Lib\site-packages\urllib3\connectionpool.py", line 787, in urlopen
    response = self._make_request(
        conn,
    ...<10 lines>...
        **response_kw,
    )
  File "C:\Users\USER\django\schoolresult\venv\Lib\site-packages\urllib3\connectionpool.py", line 534, in _make_request
    response = conn.getresponse()
  File "C:\Users\USER\django\schoolresult\venv\Lib\site-packages\urllib3\connection.py", line 565, in getresponse
    httplib_response = super().getresponse()
  File "C:\Users\USER\AppData\Local\Programs\Python\Python313\Lib\http\client.py", line 1430, in getresponse
    response.begin()
    ~~~~~~~~~~~~~~^^
  File "C:\Users\USER\AppData\Local\Programs\Python\Python313\Lib\http\client.py", line 331, in begin
    version, status, reason = self._read_status()
                              ~~~~~~~~~~~~~~~~~^^
  File "C:\Users\USER\AppData\Local\Programs\Python\Python313\Lib\http\client.py", line 292, in _read_status
    line = str(self.fp.readline(_MAXLINE + 1), "iso-8859-1")
               ~~~~~~~~~~~~~~~~^^^^^^^^^^^^^^
  File "C:\Users\USER\AppData\Local\Programs\Python\Python313\Lib\socket.py", line 719, in readinto
    return self._sock.recv_into(b)
           ~~~~~~~~~~~~~~~~~~~~^^^
  File "C:\Users\USER\AppData\Local\Programs\Python\Python313\Lib\ssl.py", line 1304, in recv_into
    return self.read(nbytes, buffer)
           ~~~~~~~~~^^^^^^^^^^^^^^^^
  File "C:\Users\USER\AppData\Local\Programs\Python\Python313\Lib\ssl.py", line 1138, in read
    return self._sslobj.read(len, buffer)
           ~~~~~~~~~~~~~~~~~^^^^^^^^^^^^^
ConnectionResetError: [WinError 10054] An existing connection was forcibly closed by the remote host

During handling of the above exception, another exception occurred:

Traceback (most recent call last):
  File "C:\Users\USER\django\schoolresult\venv\Lib\site-packages\requests\adapters.py", line 667, in send
    resp = conn.urlopen(
        method=request.method,
    ...<9 lines>...
        chunked=chunked,
    )
  File "C:\Users\USER\django\schoolresult\venv\Lib\site-packages\urllib3\connectionpool.py", line 841, in urlopen
    retries = retries.increment(
        method, url, error=new_e, _pool=self, _stacktrace=sys.exc_info()[2]
    )
  File "C:\Users\USER\django\schoolresult\venv\Lib\site-packages\urllib3\util\retry.py", line 474, in increment
    raise reraise(type(error), error, _stacktrace)
          ~~~~~~~^^^^^^^^^^^^^^^^^^^^^^^^^^^^^^^^^
  File "C:\Users\USER\django\schoolresult\venv\Lib\site-packages\urllib3\util\util.py", line 38, in reraise
    raise value.with_traceback(tb)
  File "C:\Users\USER\django\schoolresult\venv\Lib\site-packages\urllib3\connectionpool.py", line 787, in urlopen
    response = self._make_request(
        conn,
    ...<10 lines>...
        **response_kw,
    )
  File "C:\Users\USER\django\schoolresult\venv\Lib\site-packages\urllib3\connectionpool.py", line 534, in _make_request
    response = conn.getresponse()
  File "C:\Users\USER\django\schoolresult\venv\Lib\site-packages\urllib3\connection.py", line 565, in getresponse
    httplib_response = super().getresponse()
  File "C:\Users\USER\AppData\Local\Programs\Python\Python313\Lib\http\client.py", line 1430, in getresponse
    response.begin()
    ~~~~~~~~~~~~~~^^
  File "C:\Users\USER\AppData\Local\Programs\Python\Python313\Lib\http\client.py", line 331, in begin
    version, status, reason = self._read_status()
                              ~~~~~~~~~~~~~~~~~^^
  File "C:\Users\USER\AppData\Local\Programs\Python\Python313\Lib\http\client.py", line 292, in _read_status
    line = str(self.fp.readline(_MAXLINE + 1), "iso-8859-1")
               ~~~~~~~~~~~~~~~~^^^^^^^^^^^^^^
  File "C:\Users\USER\AppData\Local\Programs\Python\Python313\Lib\socket.py", line 719, in readinto
    return self._sock.recv_into(b)
           ~~~~~~~~~~~~~~~~~~~~^^^
  File "C:\Users\USER\AppData\Local\Programs\Python\Python313\Lib\ssl.py", line 1304, in recv_into
    return self.read(nbytes, buffer)
           ~~~~~~~~~^^^^^^^^^^^^^^^^
  File "C:\Users\USER\AppData\Local\Programs\Python\Python313\Lib\ssl.py", line 1138, in read
    return self._sslobj.read(len, buffer)
           ~~~~~~~~~~~~~~~~~^^^^^^^^^^^^^
urllib3.exceptions.ProtocolError: ('Connection aborted.', ConnectionResetError(10054, 'An existing connection was forcibly closed by the remote host', None, 10054, None))

During handling of the above exception, another exception occurred:

Traceback (most recent call last):
  File "C:\Users\USER\django\schoolresult\school\score\views.py", line 5297, in verify_payment
    response = _paystack_get(
        f"{settings.PAYSTACK_BASE_URL}/transaction/verify/{reference}",
        headers=headers,
        timeout=30,
    )
  File "C:\Users\USER\django\schoolresult\school\score\views.py", line 5190, in _paystack_get
    return _paystack_session().get(url, headers=headers, timeout=timeout)
           ~~~~~~~~~~~~~~~~~~~~~~~^^^^^^^^^^^^^^^^^^^^^^^^^^^^^^^^^^^^^^^
  File "C:\Users\USER\django\schoolresult\venv\Lib\site-packages\requests\sessions.py", line 602, in get
    return self.request("GET", url, **kwargs)
           ~~~~~~~~~~~~^^^^^^^^^^^^^^^^^^^^^^
  File "C:\Users\USER\django\schoolresult\venv\Lib\site-packages\requests\sessions.py", line 589, in request
    resp = self.send(prep, **send_kwargs)
  File "C:\Users\USER\django\schoolresult\venv\Lib\site-packages\requests\sessions.py", line 703, in send
    r = adapter.send(request, **kwargs)
  File "C:\Users\USER\django\schoolresult\venv\Lib\site-packages\requests\adapters.py", line 682, in send
    raise ConnectionError(err, request=request)
requests.exceptions.ConnectionError: ('Connection aborted.', ConnectionResetError(10054, 'An existing connection was forcibly closed by the remote host', None, 10054, None))
INFO 2026-02-26 21:17:31,060 views 15040 4312 Decoded session: '2025/2026', term: 'Second Term'
