ERROR 2026-06-25 14:12:50,417 views 16028 15676 WeasyPrint import failed: No module named 'weasyprint'
Traceback (most recent call last):
  File "C:\Users\USER\Desktop\School App\allinone\school\score\views.py", line 3114, in get_weasyprint_HTML
    from weasyprint import HTML
ModuleNotFoundError: No module named 'weasyprint'
ERROR 2026-06-25 14:12:50,648 views 16028 15676 WeasyPrint import failed: No module named 'weasyprint'
Traceback (most recent call last):
  File "C:\Users\USER\Desktop\School App\allinone\school\score\views.py", line 3114, in get_weasyprint_HTML
    from weasyprint import HTML
ModuleNotFoundError: No module named 'weasyprint'
ERROR 2026-06-25 14:12:50,804 views 16028 15676 WeasyPrint import failed: No module named 'weasyprint'
Traceback (most recent call last):
  File "C:\Users\USER\Desktop\School App\allinone\school\score\views.py", line 3114, in get_weasyprint_HTML
    from weasyprint import HTML
ModuleNotFoundError: No module named 'weasyprint'
ERROR 2026-06-25 14:12:50,932 views 16028 15676 WeasyPrint import failed: No module named 'weasyprint'
Traceback (most recent call last):
  File "C:\Users\USER\Desktop\School App\allinone\school\score\views.py", line 3114, in get_weasyprint_HTML
    from weasyprint import HTML
ModuleNotFoundError: No module named 'weasyprint'
ERROR 2026-06-25 14:12:51,072 views 16028 15676 WeasyPrint import failed: No module named 'weasyprint'
Traceback (most recent call last):
  File "C:\Users\USER\Desktop\School App\allinone\school\score\views.py", line 3114, in get_weasyprint_HTML
    from weasyprint import HTML
ModuleNotFoundError: No module named 'weasyprint'
ERROR 2026-06-25 14:13:04,761 views 16028 15676 WeasyPrint import failed: No module named 'weasyprint'
Traceback (most recent call last):
  File "C:\Users\USER\Desktop\School App\allinone\school\score\views.py", line 3114, in get_weasyprint_HTML
    from weasyprint import HTML
ModuleNotFoundError: No module named 'weasyprint'
ERROR 2026-06-25 14:13:04,877 views 16028 15676 WeasyPrint import failed: No module named 'weasyprint'
Traceback (most recent call last):
  File "C:\Users\USER\Desktop\School App\allinone\school\score\views.py", line 3114, in get_weasyprint_HTML
    from weasyprint import HTML
ModuleNotFoundError: No module named 'weasyprint'
ERROR 2026-06-25 14:13:05,026 views 16028 15676 WeasyPrint import failed: No module named 'weasyprint'
Traceback (most recent call last):
  File "C:\Users\USER\Desktop\School App\allinone\school\score\views.py", line 3114, in get_weasyprint_HTML
    from weasyprint import HTML
ModuleNotFoundError: No module named 'weasyprint'
ERROR 2026-06-25 14:13:05,169 views 16028 15676 WeasyPrint import failed: No module named 'weasyprint'
Traceback (most recent call last):
  File "C:\Users\USER\Desktop\School App\allinone\school\score\views.py", line 3114, in get_weasyprint_HTML
    from weasyprint import HTML
ModuleNotFoundError: No module named 'weasyprint'
ERROR 2026-06-25 14:13:05,329 views 16028 15676 WeasyPrint import failed: No module named 'weasyprint'
Traceback (most recent call last):
  File "C:\Users\USER\Desktop\School App\allinone\school\score\views.py", line 3114, in get_weasyprint_HTML
    from weasyprint import HTML
ModuleNotFoundError: No module named 'weasyprint'
ERROR 2026-06-25 14:19:49,674 views 16028 12932 WeasyPrint import failed: cannot load library 'libgobject-2.0-0': error 0x7e.  Additionally, ctypes.util.find_library() did not manage to locate a library called 'libgobject-2.0-0'
Traceback (most recent call last):
  File "C:\Users\USER\Desktop\School App\allinone\school\score\views.py", line 3114, in get_weasyprint_HTML
    from weasyprint import HTML
  File "C:\Users\USER\Desktop\School App\allinone\school\venv\Lib\site-packages\weasyprint\__init__.py", line 371, in <module>
    from .css import preprocess_stylesheet  # noqa: I001, E402
    ^^^^^^^^^^^^^^^^^^^^^^^^^^^^^^^^^^^^^^
  File "C:\Users\USER\Desktop\School App\allinone\school\venv\Lib\site-packages\weasyprint\css\__init__.py", line 29, in <module>
    from ..text.fonts import FontConfiguration
  File "C:\Users\USER\Desktop\School App\allinone\school\venv\Lib\site-packages\weasyprint\text\fonts.py", line 17, in <module>
    from .constants import (  # isort:skip
        CAPS_KEYS, EAST_ASIAN_KEYS, FONTCONFIG_STRETCH, FONTCONFIG_STYLE, FONTCONFIG_WEIGHT,
        LIGATURE_KEYS, NUMERIC_KEYS, PANGO_STRETCH, PANGO_STYLE, PANGO_VARIANT)
  File "C:\Users\USER\Desktop\School App\allinone\school\venv\Lib\site-packages\weasyprint\text\constants.py", line 5, in <module>
    from .ffi import pango
  File "C:\Users\USER\Desktop\School App\allinone\school\venv\Lib\site-packages\weasyprint\text\ffi.py", line 476, in <module>
    gobject = _dlopen(
        ffi, 'libgobject-2.0-0', 'gobject-2.0-0', 'gobject-2.0',
        'libgobject-2.0.so.0', 'libgobject-2.0.0.dylib', 'libgobject-2.0-0.dll')
  File "C:\Users\USER\Desktop\School App\allinone\school\venv\Lib\site-packages\weasyprint\text\ffi.py", line 464, in _dlopen
    return ffi.dlopen(names[0], flags)  # pragma: no cover
           ~~~~~~~~~~^^^^^^^^^^^^^^^^^
  File "C:\Users\USER\Desktop\School App\allinone\school\venv\Lib\site-packages\cffi\api.py", line 150, in dlopen
    lib, function_cache = _make_ffi_library(self, name, flags)
                          ~~~~~~~~~~~~~~~~~^^^^^^^^^^^^^^^^^^^
  File "C:\Users\USER\Desktop\School App\allinone\school\venv\Lib\site-packages\cffi\api.py", line 834, in _make_ffi_library
    backendlib = _load_backend_lib(backend, libname, flags)
  File "C:\Users\USER\Desktop\School App\allinone\school\venv\Lib\site-packages\cffi\api.py", line 829, in _load_backend_lib
    raise OSError(msg)
OSError: cannot load library 'libgobject-2.0-0': error 0x7e.  Additionally, ctypes.util.find_library() did not manage to locate a library called 'libgobject-2.0-0'
ERROR 2026-06-25 14:19:50,066 views 16028 12932 WeasyPrint import failed: cannot load library 'libgobject-2.0-0': error 0x7e.  Additionally, ctypes.util.find_library() did not manage to locate a library called 'libgobject-2.0-0'
Traceback (most recent call last):
  File "C:\Users\USER\Desktop\School App\allinone\school\score\views.py", line 3114, in get_weasyprint_HTML
    from weasyprint import HTML
  File "C:\Users\USER\Desktop\School App\allinone\school\venv\Lib\site-packages\weasyprint\__init__.py", line 371, in <module>
    from .css import preprocess_stylesheet  # noqa: I001, E402
    ^^^^^^^^^^^^^^^^^^^^^^^^^^^^^^^^^^^^^^
  File "C:\Users\USER\Desktop\School App\allinone\school\venv\Lib\site-packages\weasyprint\css\__init__.py", line 29, in <module>
    from ..text.fonts import FontConfiguration
  File "C:\Users\USER\Desktop\School App\allinone\school\venv\Lib\site-packages\weasyprint\text\fonts.py", line 17, in <module>
    from .constants import (  # isort:skip
        CAPS_KEYS, EAST_ASIAN_KEYS, FONTCONFIG_STRETCH, FONTCONFIG_STYLE, FONTCONFIG_WEIGHT,
        LIGATURE_KEYS, NUMERIC_KEYS, PANGO_STRETCH, PANGO_STYLE, PANGO_VARIANT)
  File "C:\Users\USER\Desktop\School App\allinone\school\venv\Lib\site-packages\weasyprint\text\constants.py", line 5, in <module>
    from .ffi import pango
  File "C:\Users\USER\Desktop\School App\allinone\school\venv\Lib\site-packages\weasyprint\text\ffi.py", line 476, in <module>
    gobject = _dlopen(
        ffi, 'libgobject-2.0-0', 'gobject-2.0-0', 'gobject-2.0',
        'libgobject-2.0.so.0', 'libgobject-2.0.0.dylib', 'libgobject-2.0-0.dll')
  File "C:\Users\USER\Desktop\School App\allinone\school\venv\Lib\site-packages\weasyprint\text\ffi.py", line 464, in _dlopen
    return ffi.dlopen(names[0], flags)  # pragma: no cover
           ~~~~~~~~~~^^^^^^^^^^^^^^^^^
  File "C:\Users\USER\Desktop\School App\allinone\school\venv\Lib\site-packages\cffi\api.py", line 150, in dlopen
    lib, function_cache = _make_ffi_library(self, name, flags)
                          ~~~~~~~~~~~~~~~~~^^^^^^^^^^^^^^^^^^^
  File "C:\Users\USER\Desktop\School App\allinone\school\venv\Lib\site-packages\cffi\api.py", line 834, in _make_ffi_library
    backendlib = _load_backend_lib(backend, libname, flags)
  File "C:\Users\USER\Desktop\School App\allinone\school\venv\Lib\site-packages\cffi\api.py", line 829, in _load_backend_lib
    raise OSError(msg)
OSError: cannot load library 'libgobject-2.0-0': error 0x7e.  Additionally, ctypes.util.find_library() did not manage to locate a library called 'libgobject-2.0-0'
ERROR 2026-06-25 14:19:50,669 views 16028 12932 WeasyPrint import failed: cannot load library 'libgobject-2.0-0': error 0x7e.  Additionally, ctypes.util.find_library() did not manage to locate a library called 'libgobject-2.0-0'
Traceback (most recent call last):
  File "C:\Users\USER\Desktop\School App\allinone\school\score\views.py", line 3114, in get_weasyprint_HTML
    from weasyprint import HTML
  File "C:\Users\USER\Desktop\School App\allinone\school\venv\Lib\site-packages\weasyprint\__init__.py", line 371, in <module>
    from .css import preprocess_stylesheet  # noqa: I001, E402
    ^^^^^^^^^^^^^^^^^^^^^^^^^^^^^^^^^^^^^^
  File "C:\Users\USER\Desktop\School App\allinone\school\venv\Lib\site-packages\weasyprint\css\__init__.py", line 29, in <module>
    from ..text.fonts import FontConfiguration
  File "C:\Users\USER\Desktop\School App\allinone\school\venv\Lib\site-packages\weasyprint\text\fonts.py", line 17, in <module>
    from .constants import (  # isort:skip
        CAPS_KEYS, EAST_ASIAN_KEYS, FONTCONFIG_STRETCH, FONTCONFIG_STYLE, FONTCONFIG_WEIGHT,
        LIGATURE_KEYS, NUMERIC_KEYS, PANGO_STRETCH, PANGO_STYLE, PANGO_VARIANT)
  File "C:\Users\USER\Desktop\School App\allinone\school\venv\Lib\site-packages\weasyprint\text\constants.py", line 5, in <module>
    from .ffi import pango
  File "C:\Users\USER\Desktop\School App\allinone\school\venv\Lib\site-packages\weasyprint\text\ffi.py", line 476, in <module>
    gobject = _dlopen(
        ffi, 'libgobject-2.0-0', 'gobject-2.0-0', 'gobject-2.0',
        'libgobject-2.0.so.0', 'libgobject-2.0.0.dylib', 'libgobject-2.0-0.dll')
  File "C:\Users\USER\Desktop\School App\allinone\school\venv\Lib\site-packages\weasyprint\text\ffi.py", line 464, in _dlopen
    return ffi.dlopen(names[0], flags)  # pragma: no cover
           ~~~~~~~~~~^^^^^^^^^^^^^^^^^
  File "C:\Users\USER\Desktop\School App\allinone\school\venv\Lib\site-packages\cffi\api.py", line 150, in dlopen
    lib, function_cache = _make_ffi_library(self, name, flags)
                          ~~~~~~~~~~~~~~~~~^^^^^^^^^^^^^^^^^^^
  File "C:\Users\USER\Desktop\School App\allinone\school\venv\Lib\site-packages\cffi\api.py", line 834, in _make_ffi_library
    backendlib = _load_backend_lib(backend, libname, flags)
  File "C:\Users\USER\Desktop\School App\allinone\school\venv\Lib\site-packages\cffi\api.py", line 829, in _load_backend_lib
    raise OSError(msg)
OSError: cannot load library 'libgobject-2.0-0': error 0x7e.  Additionally, ctypes.util.find_library() did not manage to locate a library called 'libgobject-2.0-0'
ERROR 2026-06-25 14:19:51,420 views 16028 12932 WeasyPrint import failed: cannot load library 'libgobject-2.0-0': error 0x7e.  Additionally, ctypes.util.find_library() did not manage to locate a library called 'libgobject-2.0-0'
Traceback (most recent call last):
  File "C:\Users\USER\Desktop\School App\allinone\school\score\views.py", line 3114, in get_weasyprint_HTML
    from weasyprint import HTML
  File "C:\Users\USER\Desktop\School App\allinone\school\venv\Lib\site-packages\weasyprint\__init__.py", line 371, in <module>
    from .css import preprocess_stylesheet  # noqa: I001, E402
    ^^^^^^^^^^^^^^^^^^^^^^^^^^^^^^^^^^^^^^
  File "C:\Users\USER\Desktop\School App\allinone\school\venv\Lib\site-packages\weasyprint\css\__init__.py", line 29, in <module>
    from ..text.fonts import FontConfiguration
  File "C:\Users\USER\Desktop\School App\allinone\school\venv\Lib\site-packages\weasyprint\text\fonts.py", line 17, in <module>
    from .constants import (  # isort:skip
        CAPS_KEYS, EAST_ASIAN_KEYS, FONTCONFIG_STRETCH, FONTCONFIG_STYLE, FONTCONFIG_WEIGHT,
        LIGATURE_KEYS, NUMERIC_KEYS, PANGO_STRETCH, PANGO_STYLE, PANGO_VARIANT)
  File "C:\Users\USER\Desktop\School App\allinone\school\venv\Lib\site-packages\weasyprint\text\constants.py", line 5, in <module>
    from .ffi import pango
  File "C:\Users\USER\Desktop\School App\allinone\school\venv\Lib\site-packages\weasyprint\text\ffi.py", line 476, in <module>
    gobject = _dlopen(
        ffi, 'libgobject-2.0-0', 'gobject-2.0-0', 'gobject-2.0',
        'libgobject-2.0.so.0', 'libgobject-2.0.0.dylib', 'libgobject-2.0-0.dll')
  File "C:\Users\USER\Desktop\School App\allinone\school\venv\Lib\site-packages\weasyprint\text\ffi.py", line 464, in _dlopen
    return ffi.dlopen(names[0], flags)  # pragma: no cover
           ~~~~~~~~~~^^^^^^^^^^^^^^^^^
  File "C:\Users\USER\Desktop\School App\allinone\school\venv\Lib\site-packages\cffi\api.py", line 150, in dlopen
    lib, function_cache = _make_ffi_library(self, name, flags)
                          ~~~~~~~~~~~~~~~~~^^^^^^^^^^^^^^^^^^^
  File "C:\Users\USER\Desktop\School App\allinone\school\venv\Lib\site-packages\cffi\api.py", line 834, in _make_ffi_library
    backendlib = _load_backend_lib(backend, libname, flags)
  File "C:\Users\USER\Desktop\School App\allinone\school\venv\Lib\site-packages\cffi\api.py", line 829, in _load_backend_lib
    raise OSError(msg)
OSError: cannot load library 'libgobject-2.0-0': error 0x7e.  Additionally, ctypes.util.find_library() did not manage to locate a library called 'libgobject-2.0-0'
ERROR 2026-06-25 14:19:52,081 views 16028 12932 WeasyPrint import failed: cannot load library 'libgobject-2.0-0': error 0x7e.  Additionally, ctypes.util.find_library() did not manage to locate a library called 'libgobject-2.0-0'
Traceback (most recent call last):
  File "C:\Users\USER\Desktop\School App\allinone\school\score\views.py", line 3114, in get_weasyprint_HTML
    from weasyprint import HTML
  File "C:\Users\USER\Desktop\School App\allinone\school\venv\Lib\site-packages\weasyprint\__init__.py", line 371, in <module>
    from .css import preprocess_stylesheet  # noqa: I001, E402
    ^^^^^^^^^^^^^^^^^^^^^^^^^^^^^^^^^^^^^^
  File "C:\Users\USER\Desktop\School App\allinone\school\venv\Lib\site-packages\weasyprint\css\__init__.py", line 29, in <module>
    from ..text.fonts import FontConfiguration
  File "C:\Users\USER\Desktop\School App\allinone\school\venv\Lib\site-packages\weasyprint\text\fonts.py", line 17, in <module>
    from .constants import (  # isort:skip
        CAPS_KEYS, EAST_ASIAN_KEYS, FONTCONFIG_STRETCH, FONTCONFIG_STYLE, FONTCONFIG_WEIGHT,
        LIGATURE_KEYS, NUMERIC_KEYS, PANGO_STRETCH, PANGO_STYLE, PANGO_VARIANT)
  File "C:\Users\USER\Desktop\School App\allinone\school\venv\Lib\site-packages\weasyprint\text\constants.py", line 5, in <module>
    from .ffi import pango
  File "C:\Users\USER\Desktop\School App\allinone\school\venv\Lib\site-packages\weasyprint\text\ffi.py", line 476, in <module>
    gobject = _dlopen(
        ffi, 'libgobject-2.0-0', 'gobject-2.0-0', 'gobject-2.0',
        'libgobject-2.0.so.0', 'libgobject-2.0.0.dylib', 'libgobject-2.0-0.dll')
  File "C:\Users\USER\Desktop\School App\allinone\school\venv\Lib\site-packages\weasyprint\text\ffi.py", line 464, in _dlopen
    return ffi.dlopen(names[0], flags)  # pragma: no cover
           ~~~~~~~~~~^^^^^^^^^^^^^^^^^
  File "C:\Users\USER\Desktop\School App\allinone\school\venv\Lib\site-packages\cffi\api.py", line 150, in dlopen
    lib, function_cache = _make_ffi_library(self, name, flags)
                          ~~~~~~~~~~~~~~~~~^^^^^^^^^^^^^^^^^^^
  File "C:\Users\USER\Desktop\School App\allinone\school\venv\Lib\site-packages\cffi\api.py", line 834, in _make_ffi_library
    backendlib = _load_backend_lib(backend, libname, flags)
  File "C:\Users\USER\Desktop\School App\allinone\school\venv\Lib\site-packages\cffi\api.py", line 829, in _load_backend_lib
    raise OSError(msg)
OSError: cannot load library 'libgobject-2.0-0': error 0x7e.  Additionally, ctypes.util.find_library() did not manage to locate a library called 'libgobject-2.0-0'
ERROR 2026-06-25 14:20:13,730 views 16028 12932 WeasyPrint import failed: cannot load library 'libgobject-2.0-0': error 0x7e.  Additionally, ctypes.util.find_library() did not manage to locate a library called 'libgobject-2.0-0'
Traceback (most recent call last):
  File "C:\Users\USER\Desktop\School App\allinone\school\score\views.py", line 3114, in get_weasyprint_HTML
    from weasyprint import HTML
  File "C:\Users\USER\Desktop\School App\allinone\school\venv\Lib\site-packages\weasyprint\__init__.py", line 371, in <module>
    from .css import preprocess_stylesheet  # noqa: I001, E402
    ^^^^^^^^^^^^^^^^^^^^^^^^^^^^^^^^^^^^^^
  File "C:\Users\USER\Desktop\School App\allinone\school\venv\Lib\site-packages\weasyprint\css\__init__.py", line 29, in <module>
    from ..text.fonts import FontConfiguration
  File "C:\Users\USER\Desktop\School App\allinone\school\venv\Lib\site-packages\weasyprint\text\fonts.py", line 17, in <module>
    from .constants import (  # isort:skip
        CAPS_KEYS, EAST_ASIAN_KEYS, FONTCONFIG_STRETCH, FONTCONFIG_STYLE, FONTCONFIG_WEIGHT,
        LIGATURE_KEYS, NUMERIC_KEYS, PANGO_STRETCH, PANGO_STYLE, PANGO_VARIANT)
  File "C:\Users\USER\Desktop\School App\allinone\school\venv\Lib\site-packages\weasyprint\text\constants.py", line 5, in <module>
    from .ffi import pango
  File "C:\Users\USER\Desktop\School App\allinone\school\venv\Lib\site-packages\weasyprint\text\ffi.py", line 476, in <module>
    gobject = _dlopen(
        ffi, 'libgobject-2.0-0', 'gobject-2.0-0', 'gobject-2.0',
        'libgobject-2.0.so.0', 'libgobject-2.0.0.dylib', 'libgobject-2.0-0.dll')
  File "C:\Users\USER\Desktop\School App\allinone\school\venv\Lib\site-packages\weasyprint\text\ffi.py", line 464, in _dlopen
    return ffi.dlopen(names[0], flags)  # pragma: no cover
           ~~~~~~~~~~^^^^^^^^^^^^^^^^^
  File "C:\Users\USER\Desktop\School App\allinone\school\venv\Lib\site-packages\cffi\api.py", line 150, in dlopen
    lib, function_cache = _make_ffi_library(self, name, flags)
                          ~~~~~~~~~~~~~~~~~^^^^^^^^^^^^^^^^^^^
  File "C:\Users\USER\Desktop\School App\allinone\school\venv\Lib\site-packages\cffi\api.py", line 834, in _make_ffi_library
    backendlib = _load_backend_lib(backend, libname, flags)
  File "C:\Users\USER\Desktop\School App\allinone\school\venv\Lib\site-packages\cffi\api.py", line 829, in _load_backend_lib
    raise OSError(msg)
OSError: cannot load library 'libgobject-2.0-0': error 0x7e.  Additionally, ctypes.util.find_library() did not manage to locate a library called 'libgobject-2.0-0'
ERROR 2026-06-25 14:20:14,073 views 16028 12932 WeasyPrint import failed: cannot load library 'libgobject-2.0-0': error 0x7e.  Additionally, ctypes.util.find_library() did not manage to locate a library called 'libgobject-2.0-0'
Traceback (most recent call last):
  File "C:\Users\USER\Desktop\School App\allinone\school\score\views.py", line 3114, in get_weasyprint_HTML
    from weasyprint import HTML
  File "C:\Users\USER\Desktop\School App\allinone\school\venv\Lib\site-packages\weasyprint\__init__.py", line 371, in <module>
    from .css import preprocess_stylesheet  # noqa: I001, E402
    ^^^^^^^^^^^^^^^^^^^^^^^^^^^^^^^^^^^^^^
  File "C:\Users\USER\Desktop\School App\allinone\school\venv\Lib\site-packages\weasyprint\css\__init__.py", line 29, in <module>
    from ..text.fonts import FontConfiguration
  File "C:\Users\USER\Desktop\School App\allinone\school\venv\Lib\site-packages\weasyprint\text\fonts.py", line 17, in <module>
    from .constants import (  # isort:skip
        CAPS_KEYS, EAST_ASIAN_KEYS, FONTCONFIG_STRETCH, FONTCONFIG_STYLE, FONTCONFIG_WEIGHT,
        LIGATURE_KEYS, NUMERIC_KEYS, PANGO_STRETCH, PANGO_STYLE, PANGO_VARIANT)
  File "C:\Users\USER\Desktop\School App\allinone\school\venv\Lib\site-packages\weasyprint\text\constants.py", line 5, in <module>
    from .ffi import pango
  File "C:\Users\USER\Desktop\School App\allinone\school\venv\Lib\site-packages\weasyprint\text\ffi.py", line 476, in <module>
    gobject = _dlopen(
        ffi, 'libgobject-2.0-0', 'gobject-2.0-0', 'gobject-2.0',
        'libgobject-2.0.so.0', 'libgobject-2.0.0.dylib', 'libgobject-2.0-0.dll')
  File "C:\Users\USER\Desktop\School App\allinone\school\venv\Lib\site-packages\weasyprint\text\ffi.py", line 464, in _dlopen
    return ffi.dlopen(names[0], flags)  # pragma: no cover
           ~~~~~~~~~~^^^^^^^^^^^^^^^^^
  File "C:\Users\USER\Desktop\School App\allinone\school\venv\Lib\site-packages\cffi\api.py", line 150, in dlopen
    lib, function_cache = _make_ffi_library(self, name, flags)
                          ~~~~~~~~~~~~~~~~~^^^^^^^^^^^^^^^^^^^
  File "C:\Users\USER\Desktop\School App\allinone\school\venv\Lib\site-packages\cffi\api.py", line 834, in _make_ffi_library
    backendlib = _load_backend_lib(backend, libname, flags)
  File "C:\Users\USER\Desktop\School App\allinone\school\venv\Lib\site-packages\cffi\api.py", line 829, in _load_backend_lib
    raise OSError(msg)
OSError: cannot load library 'libgobject-2.0-0': error 0x7e.  Additionally, ctypes.util.find_library() did not manage to locate a library called 'libgobject-2.0-0'
ERROR 2026-06-25 14:20:14,384 views 16028 12932 WeasyPrint import failed: cannot load library 'libgobject-2.0-0': error 0x7e.  Additionally, ctypes.util.find_library() did not manage to locate a library called 'libgobject-2.0-0'
Traceback (most recent call last):
  File "C:\Users\USER\Desktop\School App\allinone\school\score\views.py", line 3114, in get_weasyprint_HTML
    from weasyprint import HTML
  File "C:\Users\USER\Desktop\School App\allinone\school\venv\Lib\site-packages\weasyprint\__init__.py", line 371, in <module>
    from .css import preprocess_stylesheet  # noqa: I001, E402
    ^^^^^^^^^^^^^^^^^^^^^^^^^^^^^^^^^^^^^^
  File "C:\Users\USER\Desktop\School App\allinone\school\venv\Lib\site-packages\weasyprint\css\__init__.py", line 29, in <module>
    from ..text.fonts import FontConfiguration
  File "C:\Users\USER\Desktop\School App\allinone\school\venv\Lib\site-packages\weasyprint\text\fonts.py", line 17, in <module>
    from .constants import (  # isort:skip
        CAPS_KEYS, EAST_ASIAN_KEYS, FONTCONFIG_STRETCH, FONTCONFIG_STYLE, FONTCONFIG_WEIGHT,
        LIGATURE_KEYS, NUMERIC_KEYS, PANGO_STRETCH, PANGO_STYLE, PANGO_VARIANT)
  File "C:\Users\USER\Desktop\School App\allinone\school\venv\Lib\site-packages\weasyprint\text\constants.py", line 5, in <module>
    from .ffi import pango
  File "C:\Users\USER\Desktop\School App\allinone\school\venv\Lib\site-packages\weasyprint\text\ffi.py", line 476, in <module>
    gobject = _dlopen(
        ffi, 'libgobject-2.0-0', 'gobject-2.0-0', 'gobject-2.0',
        'libgobject-2.0.so.0', 'libgobject-2.0.0.dylib', 'libgobject-2.0-0.dll')
  File "C:\Users\USER\Desktop\School App\allinone\school\venv\Lib\site-packages\weasyprint\text\ffi.py", line 464, in _dlopen
    return ffi.dlopen(names[0], flags)  # pragma: no cover
           ~~~~~~~~~~^^^^^^^^^^^^^^^^^
  File "C:\Users\USER\Desktop\School App\allinone\school\venv\Lib\site-packages\cffi\api.py", line 150, in dlopen
    lib, function_cache = _make_ffi_library(self, name, flags)
                          ~~~~~~~~~~~~~~~~~^^^^^^^^^^^^^^^^^^^
  File "C:\Users\USER\Desktop\School App\allinone\school\venv\Lib\site-packages\cffi\api.py", line 834, in _make_ffi_library
    backendlib = _load_backend_lib(backend, libname, flags)
  File "C:\Users\USER\Desktop\School App\allinone\school\venv\Lib\site-packages\cffi\api.py", line 829, in _load_backend_lib
    raise OSError(msg)
OSError: cannot load library 'libgobject-2.0-0': error 0x7e.  Additionally, ctypes.util.find_library() did not manage to locate a library called 'libgobject-2.0-0'
ERROR 2026-06-25 14:20:15,017 views 16028 12932 WeasyPrint import failed: cannot load library 'libgobject-2.0-0': error 0x7e.  Additionally, ctypes.util.find_library() did not manage to locate a library called 'libgobject-2.0-0'
Traceback (most recent call last):
  File "C:\Users\USER\Desktop\School App\allinone\school\score\views.py", line 3114, in get_weasyprint_HTML
    from weasyprint import HTML
  File "C:\Users\USER\Desktop\School App\allinone\school\venv\Lib\site-packages\weasyprint\__init__.py", line 371, in <module>
    from .css import preprocess_stylesheet  # noqa: I001, E402
    ^^^^^^^^^^^^^^^^^^^^^^^^^^^^^^^^^^^^^^
  File "C:\Users\USER\Desktop\School App\allinone\school\venv\Lib\site-packages\weasyprint\css\__init__.py", line 29, in <module>
    from ..text.fonts import FontConfiguration
  File "C:\Users\USER\Desktop\School App\allinone\school\venv\Lib\site-packages\weasyprint\text\fonts.py", line 17, in <module>
    from .constants import (  # isort:skip
        CAPS_KEYS, EAST_ASIAN_KEYS, FONTCONFIG_STRETCH, FONTCONFIG_STYLE, FONTCONFIG_WEIGHT,
        LIGATURE_KEYS, NUMERIC_KEYS, PANGO_STRETCH, PANGO_STYLE, PANGO_VARIANT)
  File "C:\Users\USER\Desktop\School App\allinone\school\venv\Lib\site-packages\weasyprint\text\constants.py", line 5, in <module>
    from .ffi import pango
  File "C:\Users\USER\Desktop\School App\allinone\school\venv\Lib\site-packages\weasyprint\text\ffi.py", line 476, in <module>
    gobject = _dlopen(
        ffi, 'libgobject-2.0-0', 'gobject-2.0-0', 'gobject-2.0',
        'libgobject-2.0.so.0', 'libgobject-2.0.0.dylib', 'libgobject-2.0-0.dll')
  File "C:\Users\USER\Desktop\School App\allinone\school\venv\Lib\site-packages\weasyprint\text\ffi.py", line 464, in _dlopen
    return ffi.dlopen(names[0], flags)  # pragma: no cover
           ~~~~~~~~~~^^^^^^^^^^^^^^^^^
  File "C:\Users\USER\Desktop\School App\allinone\school\venv\Lib\site-packages\cffi\api.py", line 150, in dlopen
    lib, function_cache = _make_ffi_library(self, name, flags)
                          ~~~~~~~~~~~~~~~~~^^^^^^^^^^^^^^^^^^^
  File "C:\Users\USER\Desktop\School App\allinone\school\venv\Lib\site-packages\cffi\api.py", line 834, in _make_ffi_library
    backendlib = _load_backend_lib(backend, libname, flags)
  File "C:\Users\USER\Desktop\School App\allinone\school\venv\Lib\site-packages\cffi\api.py", line 829, in _load_backend_lib
    raise OSError(msg)
OSError: cannot load library 'libgobject-2.0-0': error 0x7e.  Additionally, ctypes.util.find_library() did not manage to locate a library called 'libgobject-2.0-0'
ERROR 2026-06-25 14:20:15,389 views 16028 12932 WeasyPrint import failed: cannot load library 'libgobject-2.0-0': error 0x7e.  Additionally, ctypes.util.find_library() did not manage to locate a library called 'libgobject-2.0-0'
Traceback (most recent call last):
  File "C:\Users\USER\Desktop\School App\allinone\school\score\views.py", line 3114, in get_weasyprint_HTML
    from weasyprint import HTML
  File "C:\Users\USER\Desktop\School App\allinone\school\venv\Lib\site-packages\weasyprint\__init__.py", line 371, in <module>
    from .css import preprocess_stylesheet  # noqa: I001, E402
    ^^^^^^^^^^^^^^^^^^^^^^^^^^^^^^^^^^^^^^
  File "C:\Users\USER\Desktop\School App\allinone\school\venv\Lib\site-packages\weasyprint\css\__init__.py", line 29, in <module>
    from ..text.fonts import FontConfiguration
  File "C:\Users\USER\Desktop\School App\allinone\school\venv\Lib\site-packages\weasyprint\text\fonts.py", line 17, in <module>
    from .constants import (  # isort:skip
        CAPS_KEYS, EAST_ASIAN_KEYS, FONTCONFIG_STRETCH, FONTCONFIG_STYLE, FONTCONFIG_WEIGHT,
        LIGATURE_KEYS, NUMERIC_KEYS, PANGO_STRETCH, PANGO_STYLE, PANGO_VARIANT)
  File "C:\Users\USER\Desktop\School App\allinone\school\venv\Lib\site-packages\weasyprint\text\constants.py", line 5, in <module>
    from .ffi import pango
  File "C:\Users\USER\Desktop\School App\allinone\school\venv\Lib\site-packages\weasyprint\text\ffi.py", line 476, in <module>
    gobject = _dlopen(
        ffi, 'libgobject-2.0-0', 'gobject-2.0-0', 'gobject-2.0',
        'libgobject-2.0.so.0', 'libgobject-2.0.0.dylib', 'libgobject-2.0-0.dll')
  File "C:\Users\USER\Desktop\School App\allinone\school\venv\Lib\site-packages\weasyprint\text\ffi.py", line 464, in _dlopen
    return ffi.dlopen(names[0], flags)  # pragma: no cover
           ~~~~~~~~~~^^^^^^^^^^^^^^^^^
  File "C:\Users\USER\Desktop\School App\allinone\school\venv\Lib\site-packages\cffi\api.py", line 150, in dlopen
    lib, function_cache = _make_ffi_library(self, name, flags)
                          ~~~~~~~~~~~~~~~~~^^^^^^^^^^^^^^^^^^^
  File "C:\Users\USER\Desktop\School App\allinone\school\venv\Lib\site-packages\cffi\api.py", line 834, in _make_ffi_library
    backendlib = _load_backend_lib(backend, libname, flags)
  File "C:\Users\USER\Desktop\School App\allinone\school\venv\Lib\site-packages\cffi\api.py", line 829, in _load_backend_lib
    raise OSError(msg)
OSError: cannot load library 'libgobject-2.0-0': error 0x7e.  Additionally, ctypes.util.find_library() did not manage to locate a library called 'libgobject-2.0-0'
ERROR 2026-06-25 14:20:27,605 views 16028 12932 WeasyPrint import failed: cannot load library 'libgobject-2.0-0': error 0x7e.  Additionally, ctypes.util.find_library() did not manage to locate a library called 'libgobject-2.0-0'
Traceback (most recent call last):
  File "C:\Users\USER\Desktop\School App\allinone\school\score\views.py", line 3114, in get_weasyprint_HTML
    from weasyprint import HTML
  File "C:\Users\USER\Desktop\School App\allinone\school\venv\Lib\site-packages\weasyprint\__init__.py", line 371, in <module>
    from .css import preprocess_stylesheet  # noqa: I001, E402
    ^^^^^^^^^^^^^^^^^^^^^^^^^^^^^^^^^^^^^^
  File "C:\Users\USER\Desktop\School App\allinone\school\venv\Lib\site-packages\weasyprint\css\__init__.py", line 29, in <module>
    from ..text.fonts import FontConfiguration
  File "C:\Users\USER\Desktop\School App\allinone\school\venv\Lib\site-packages\weasyprint\text\fonts.py", line 17, in <module>
    from .constants import (  # isort:skip
        CAPS_KEYS, EAST_ASIAN_KEYS, FONTCONFIG_STRETCH, FONTCONFIG_STYLE, FONTCONFIG_WEIGHT,
        LIGATURE_KEYS, NUMERIC_KEYS, PANGO_STRETCH, PANGO_STYLE, PANGO_VARIANT)
  File "C:\Users\USER\Desktop\School App\allinone\school\venv\Lib\site-packages\weasyprint\text\constants.py", line 5, in <module>
    from .ffi import pango
  File "C:\Users\USER\Desktop\School App\allinone\school\venv\Lib\site-packages\weasyprint\text\ffi.py", line 476, in <module>
    gobject = _dlopen(
        ffi, 'libgobject-2.0-0', 'gobject-2.0-0', 'gobject-2.0',
        'libgobject-2.0.so.0', 'libgobject-2.0.0.dylib', 'libgobject-2.0-0.dll')
  File "C:\Users\USER\Desktop\School App\allinone\school\venv\Lib\site-packages\weasyprint\text\ffi.py", line 464, in _dlopen
    return ffi.dlopen(names[0], flags)  # pragma: no cover
           ~~~~~~~~~~^^^^^^^^^^^^^^^^^
  File "C:\Users\USER\Desktop\School App\allinone\school\venv\Lib\site-packages\cffi\api.py", line 150, in dlopen
    lib, function_cache = _make_ffi_library(self, name, flags)
                          ~~~~~~~~~~~~~~~~~^^^^^^^^^^^^^^^^^^^
  File "C:\Users\USER\Desktop\School App\allinone\school\venv\Lib\site-packages\cffi\api.py", line 834, in _make_ffi_library
    backendlib = _load_backend_lib(backend, libname, flags)
  File "C:\Users\USER\Desktop\School App\allinone\school\venv\Lib\site-packages\cffi\api.py", line 829, in _load_backend_lib
    raise OSError(msg)
OSError: cannot load library 'libgobject-2.0-0': error 0x7e.  Additionally, ctypes.util.find_library() did not manage to locate a library called 'libgobject-2.0-0'
ERROR 2026-06-25 14:20:27,994 views 16028 12932 WeasyPrint import failed: cannot load library 'libgobject-2.0-0': error 0x7e.  Additionally, ctypes.util.find_library() did not manage to locate a library called 'libgobject-2.0-0'
Traceback (most recent call last):
  File "C:\Users\USER\Desktop\School App\allinone\school\score\views.py", line 3114, in get_weasyprint_HTML
    from weasyprint import HTML
  File "C:\Users\USER\Desktop\School App\allinone\school\venv\Lib\site-packages\weasyprint\__init__.py", line 371, in <module>
    from .css import preprocess_stylesheet  # noqa: I001, E402
    ^^^^^^^^^^^^^^^^^^^^^^^^^^^^^^^^^^^^^^
  File "C:\Users\USER\Desktop\School App\allinone\school\venv\Lib\site-packages\weasyprint\css\__init__.py", line 29, in <module>
    from ..text.fonts import FontConfiguration
  File "C:\Users\USER\Desktop\School App\allinone\school\venv\Lib\site-packages\weasyprint\text\fonts.py", line 17, in <module>
    from .constants import (  # isort:skip
        CAPS_KEYS, EAST_ASIAN_KEYS, FONTCONFIG_STRETCH, FONTCONFIG_STYLE, FONTCONFIG_WEIGHT,
        LIGATURE_KEYS, NUMERIC_KEYS, PANGO_STRETCH, PANGO_STYLE, PANGO_VARIANT)
  File "C:\Users\USER\Desktop\School App\allinone\school\venv\Lib\site-packages\weasyprint\text\constants.py", line 5, in <module>
    from .ffi import pango
  File "C:\Users\USER\Desktop\School App\allinone\school\venv\Lib\site-packages\weasyprint\text\ffi.py", line 476, in <module>
    gobject = _dlopen(
        ffi, 'libgobject-2.0-0', 'gobject-2.0-0', 'gobject-2.0',
        'libgobject-2.0.so.0', 'libgobject-2.0.0.dylib', 'libgobject-2.0-0.dll')
  File "C:\Users\USER\Desktop\School App\allinone\school\venv\Lib\site-packages\weasyprint\text\ffi.py", line 464, in _dlopen
    return ffi.dlopen(names[0], flags)  # pragma: no cover
           ~~~~~~~~~~^^^^^^^^^^^^^^^^^
  File "C:\Users\USER\Desktop\School App\allinone\school\venv\Lib\site-packages\cffi\api.py", line 150, in dlopen
    lib, function_cache = _make_ffi_library(self, name, flags)
                          ~~~~~~~~~~~~~~~~~^^^^^^^^^^^^^^^^^^^
  File "C:\Users\USER\Desktop\School App\allinone\school\venv\Lib\site-packages\cffi\api.py", line 834, in _make_ffi_library
    backendlib = _load_backend_lib(backend, libname, flags)
  File "C:\Users\USER\Desktop\School App\allinone\school\venv\Lib\site-packages\cffi\api.py", line 829, in _load_backend_lib
    raise OSError(msg)
OSError: cannot load library 'libgobject-2.0-0': error 0x7e.  Additionally, ctypes.util.find_library() did not manage to locate a library called 'libgobject-2.0-0'
ERROR 2026-06-25 14:20:28,288 views 16028 12932 WeasyPrint import failed: cannot load library 'libgobject-2.0-0': error 0x7e.  Additionally, ctypes.util.find_library() did not manage to locate a library called 'libgobject-2.0-0'
Traceback (most recent call last):
  File "C:\Users\USER\Desktop\School App\allinone\school\score\views.py", line 3114, in get_weasyprint_HTML
    from weasyprint import HTML
  File "C:\Users\USER\Desktop\School App\allinone\school\venv\Lib\site-packages\weasyprint\__init__.py", line 371, in <module>
    from .css import preprocess_stylesheet  # noqa: I001, E402
    ^^^^^^^^^^^^^^^^^^^^^^^^^^^^^^^^^^^^^^
  File "C:\Users\USER\Desktop\School App\allinone\school\venv\Lib\site-packages\weasyprint\css\__init__.py", line 29, in <module>
    from ..text.fonts import FontConfiguration
  File "C:\Users\USER\Desktop\School App\allinone\school\venv\Lib\site-packages\weasyprint\text\fonts.py", line 17, in <module>
    from .constants import (  # isort:skip
        CAPS_KEYS, EAST_ASIAN_KEYS, FONTCONFIG_STRETCH, FONTCONFIG_STYLE, FONTCONFIG_WEIGHT,
        LIGATURE_KEYS, NUMERIC_KEYS, PANGO_STRETCH, PANGO_STYLE, PANGO_VARIANT)
  File "C:\Users\USER\Desktop\School App\allinone\school\venv\Lib\site-packages\weasyprint\text\constants.py", line 5, in <module>
    from .ffi import pango
  File "C:\Users\USER\Desktop\School App\allinone\school\venv\Lib\site-packages\weasyprint\text\ffi.py", line 476, in <module>
    gobject = _dlopen(
        ffi, 'libgobject-2.0-0', 'gobject-2.0-0', 'gobject-2.0',
        'libgobject-2.0.so.0', 'libgobject-2.0.0.dylib', 'libgobject-2.0-0.dll')
  File "C:\Users\USER\Desktop\School App\allinone\school\venv\Lib\site-packages\weasyprint\text\ffi.py", line 464, in _dlopen
    return ffi.dlopen(names[0], flags)  # pragma: no cover
           ~~~~~~~~~~^^^^^^^^^^^^^^^^^
  File "C:\Users\USER\Desktop\School App\allinone\school\venv\Lib\site-packages\cffi\api.py", line 150, in dlopen
    lib, function_cache = _make_ffi_library(self, name, flags)
                          ~~~~~~~~~~~~~~~~~^^^^^^^^^^^^^^^^^^^
  File "C:\Users\USER\Desktop\School App\allinone\school\venv\Lib\site-packages\cffi\api.py", line 834, in _make_ffi_library
    backendlib = _load_backend_lib(backend, libname, flags)
  File "C:\Users\USER\Desktop\School App\allinone\school\venv\Lib\site-packages\cffi\api.py", line 829, in _load_backend_lib
    raise OSError(msg)
OSError: cannot load library 'libgobject-2.0-0': error 0x7e.  Additionally, ctypes.util.find_library() did not manage to locate a library called 'libgobject-2.0-0'
ERROR 2026-06-25 14:20:28,576 views 16028 12932 WeasyPrint import failed: cannot load library 'libgobject-2.0-0': error 0x7e.  Additionally, ctypes.util.find_library() did not manage to locate a library called 'libgobject-2.0-0'
Traceback (most recent call last):
  File "C:\Users\USER\Desktop\School App\allinone\school\score\views.py", line 3114, in get_weasyprint_HTML
    from weasyprint import HTML
  File "C:\Users\USER\Desktop\School App\allinone\school\venv\Lib\site-packages\weasyprint\__init__.py", line 371, in <module>
    from .css import preprocess_stylesheet  # noqa: I001, E402
    ^^^^^^^^^^^^^^^^^^^^^^^^^^^^^^^^^^^^^^
  File "C:\Users\USER\Desktop\School App\allinone\school\venv\Lib\site-packages\weasyprint\css\__init__.py", line 29, in <module>
    from ..text.fonts import FontConfiguration
  File "C:\Users\USER\Desktop\School App\allinone\school\venv\Lib\site-packages\weasyprint\text\fonts.py", line 17, in <module>
    from .constants import (  # isort:skip
        CAPS_KEYS, EAST_ASIAN_KEYS, FONTCONFIG_STRETCH, FONTCONFIG_STYLE, FONTCONFIG_WEIGHT,
        LIGATURE_KEYS, NUMERIC_KEYS, PANGO_STRETCH, PANGO_STYLE, PANGO_VARIANT)
  File "C:\Users\USER\Desktop\School App\allinone\school\venv\Lib\site-packages\weasyprint\text\constants.py", line 5, in <module>
    from .ffi import pango
  File "C:\Users\USER\Desktop\School App\allinone\school\venv\Lib\site-packages\weasyprint\text\ffi.py", line 476, in <module>
    gobject = _dlopen(
        ffi, 'libgobject-2.0-0', 'gobject-2.0-0', 'gobject-2.0',
        'libgobject-2.0.so.0', 'libgobject-2.0.0.dylib', 'libgobject-2.0-0.dll')
  File "C:\Users\USER\Desktop\School App\allinone\school\venv\Lib\site-packages\weasyprint\text\ffi.py", line 464, in _dlopen
    return ffi.dlopen(names[0], flags)  # pragma: no cover
           ~~~~~~~~~~^^^^^^^^^^^^^^^^^
  File "C:\Users\USER\Desktop\School App\allinone\school\venv\Lib\site-packages\cffi\api.py", line 150, in dlopen
    lib, function_cache = _make_ffi_library(self, name, flags)
                          ~~~~~~~~~~~~~~~~~^^^^^^^^^^^^^^^^^^^
  File "C:\Users\USER\Desktop\School App\allinone\school\venv\Lib\site-packages\cffi\api.py", line 834, in _make_ffi_library
    backendlib = _load_backend_lib(backend, libname, flags)
  File "C:\Users\USER\Desktop\School App\allinone\school\venv\Lib\site-packages\cffi\api.py", line 829, in _load_backend_lib
    raise OSError(msg)
OSError: cannot load library 'libgobject-2.0-0': error 0x7e.  Additionally, ctypes.util.find_library() did not manage to locate a library called 'libgobject-2.0-0'
ERROR 2026-06-25 14:20:28,850 views 16028 12932 WeasyPrint import failed: cannot load library 'libgobject-2.0-0': error 0x7e.  Additionally, ctypes.util.find_library() did not manage to locate a library called 'libgobject-2.0-0'
Traceback (most recent call last):
  File "C:\Users\USER\Desktop\School App\allinone\school\score\views.py", line 3114, in get_weasyprint_HTML
    from weasyprint import HTML
  File "C:\Users\USER\Desktop\School App\allinone\school\venv\Lib\site-packages\weasyprint\__init__.py", line 371, in <module>
    from .css import preprocess_stylesheet  # noqa: I001, E402
    ^^^^^^^^^^^^^^^^^^^^^^^^^^^^^^^^^^^^^^
  File "C:\Users\USER\Desktop\School App\allinone\school\venv\Lib\site-packages\weasyprint\css\__init__.py", line 29, in <module>
    from ..text.fonts import FontConfiguration
  File "C:\Users\USER\Desktop\School App\allinone\school\venv\Lib\site-packages\weasyprint\text\fonts.py", line 17, in <module>
    from .constants import (  # isort:skip
        CAPS_KEYS, EAST_ASIAN_KEYS, FONTCONFIG_STRETCH, FONTCONFIG_STYLE, FONTCONFIG_WEIGHT,
        LIGATURE_KEYS, NUMERIC_KEYS, PANGO_STRETCH, PANGO_STYLE, PANGO_VARIANT)
  File "C:\Users\USER\Desktop\School App\allinone\school\venv\Lib\site-packages\weasyprint\text\constants.py", line 5, in <module>
    from .ffi import pango
  File "C:\Users\USER\Desktop\School App\allinone\school\venv\Lib\site-packages\weasyprint\text\ffi.py", line 476, in <module>
    gobject = _dlopen(
        ffi, 'libgobject-2.0-0', 'gobject-2.0-0', 'gobject-2.0',
        'libgobject-2.0.so.0', 'libgobject-2.0.0.dylib', 'libgobject-2.0-0.dll')
  File "C:\Users\USER\Desktop\School App\allinone\school\venv\Lib\site-packages\weasyprint\text\ffi.py", line 464, in _dlopen
    return ffi.dlopen(names[0], flags)  # pragma: no cover
           ~~~~~~~~~~^^^^^^^^^^^^^^^^^
  File "C:\Users\USER\Desktop\School App\allinone\school\venv\Lib\site-packages\cffi\api.py", line 150, in dlopen
    lib, function_cache = _make_ffi_library(self, name, flags)
                          ~~~~~~~~~~~~~~~~~^^^^^^^^^^^^^^^^^^^
  File "C:\Users\USER\Desktop\School App\allinone\school\venv\Lib\site-packages\cffi\api.py", line 834, in _make_ffi_library
    backendlib = _load_backend_lib(backend, libname, flags)
  File "C:\Users\USER\Desktop\School App\allinone\school\venv\Lib\site-packages\cffi\api.py", line 829, in _load_backend_lib
    raise OSError(msg)
OSError: cannot load library 'libgobject-2.0-0': error 0x7e.  Additionally, ctypes.util.find_library() did not manage to locate a library called 'libgobject-2.0-0'
ERROR 2026-06-25 14:35:29,791 views 9420 7316 WeasyPrint import failed: cannot load library 'libgobject-2.0-0': error 0x7e.  Additionally, ctypes.util.find_library() did not manage to locate a library called 'libgobject-2.0-0'
Traceback (most recent call last):
  File "C:\Users\USER\Desktop\School App\allinone\school\score\views.py", line 3114, in get_weasyprint_HTML
    from weasyprint import HTML
  File "C:\Users\USER\Desktop\School App\allinone\school\venv\Lib\site-packages\weasyprint\__init__.py", line 371, in <module>
    from .css import preprocess_stylesheet  # noqa: I001, E402
    ^^^^^^^^^^^^^^^^^^^^^^^^^^^^^^^^^^^^^^
  File "C:\Users\USER\Desktop\School App\allinone\school\venv\Lib\site-packages\weasyprint\css\__init__.py", line 29, in <module>
    from ..text.fonts import FontConfiguration
  File "C:\Users\USER\Desktop\School App\allinone\school\venv\Lib\site-packages\weasyprint\text\fonts.py", line 17, in <module>
    from .constants import (  # isort:skip
        CAPS_KEYS, EAST_ASIAN_KEYS, FONTCONFIG_STRETCH, FONTCONFIG_STYLE, FONTCONFIG_WEIGHT,
        LIGATURE_KEYS, NUMERIC_KEYS, PANGO_STRETCH, PANGO_STYLE, PANGO_VARIANT)
  File "C:\Users\USER\Desktop\School App\allinone\school\venv\Lib\site-packages\weasyprint\text\constants.py", line 5, in <module>
    from .ffi import pango
  File "C:\Users\USER\Desktop\School App\allinone\school\venv\Lib\site-packages\weasyprint\text\ffi.py", line 476, in <module>
    gobject = _dlopen(
        ffi, 'libgobject-2.0-0', 'gobject-2.0-0', 'gobject-2.0',
        'libgobject-2.0.so.0', 'libgobject-2.0.0.dylib', 'libgobject-2.0-0.dll')
  File "C:\Users\USER\Desktop\School App\allinone\school\venv\Lib\site-packages\weasyprint\text\ffi.py", line 464, in _dlopen
    return ffi.dlopen(names[0], flags)  # pragma: no cover
           ~~~~~~~~~~^^^^^^^^^^^^^^^^^
  File "C:\Users\USER\Desktop\School App\allinone\school\venv\Lib\site-packages\cffi\api.py", line 150, in dlopen
    lib, function_cache = _make_ffi_library(self, name, flags)
                          ~~~~~~~~~~~~~~~~~^^^^^^^^^^^^^^^^^^^
  File "C:\Users\USER\Desktop\School App\allinone\school\venv\Lib\site-packages\cffi\api.py", line 834, in _make_ffi_library
    backendlib = _load_backend_lib(backend, libname, flags)
  File "C:\Users\USER\Desktop\School App\allinone\school\venv\Lib\site-packages\cffi\api.py", line 829, in _load_backend_lib
    raise OSError(msg)
OSError: cannot load library 'libgobject-2.0-0': error 0x7e.  Additionally, ctypes.util.find_library() did not manage to locate a library called 'libgobject-2.0-0'
ERROR 2026-06-25 14:35:30,038 views 9420 7316 WeasyPrint import failed: cannot load library 'libgobject-2.0-0': error 0x7e.  Additionally, ctypes.util.find_library() did not manage to locate a library called 'libgobject-2.0-0'
Traceback (most recent call last):
  File "C:\Users\USER\Desktop\School App\allinone\school\score\views.py", line 3114, in get_weasyprint_HTML
    from weasyprint import HTML
  File "C:\Users\USER\Desktop\School App\allinone\school\venv\Lib\site-packages\weasyprint\__init__.py", line 371, in <module>
    from .css import preprocess_stylesheet  # noqa: I001, E402
    ^^^^^^^^^^^^^^^^^^^^^^^^^^^^^^^^^^^^^^
  File "C:\Users\USER\Desktop\School App\allinone\school\venv\Lib\site-packages\weasyprint\css\__init__.py", line 29, in <module>
    from ..text.fonts import FontConfiguration
  File "C:\Users\USER\Desktop\School App\allinone\school\venv\Lib\site-packages\weasyprint\text\fonts.py", line 17, in <module>
    from .constants import (  # isort:skip
        CAPS_KEYS, EAST_ASIAN_KEYS, FONTCONFIG_STRETCH, FONTCONFIG_STYLE, FONTCONFIG_WEIGHT,
        LIGATURE_KEYS, NUMERIC_KEYS, PANGO_STRETCH, PANGO_STYLE, PANGO_VARIANT)
  File "C:\Users\USER\Desktop\School App\allinone\school\venv\Lib\site-packages\weasyprint\text\constants.py", line 5, in <module>
    from .ffi import pango
  File "C:\Users\USER\Desktop\School App\allinone\school\venv\Lib\site-packages\weasyprint\text\ffi.py", line 476, in <module>
    gobject = _dlopen(
        ffi, 'libgobject-2.0-0', 'gobject-2.0-0', 'gobject-2.0',
        'libgobject-2.0.so.0', 'libgobject-2.0.0.dylib', 'libgobject-2.0-0.dll')
  File "C:\Users\USER\Desktop\School App\allinone\school\venv\Lib\site-packages\weasyprint\text\ffi.py", line 464, in _dlopen
    return ffi.dlopen(names[0], flags)  # pragma: no cover
           ~~~~~~~~~~^^^^^^^^^^^^^^^^^
  File "C:\Users\USER\Desktop\School App\allinone\school\venv\Lib\site-packages\cffi\api.py", line 150, in dlopen
    lib, function_cache = _make_ffi_library(self, name, flags)
                          ~~~~~~~~~~~~~~~~~^^^^^^^^^^^^^^^^^^^
  File "C:\Users\USER\Desktop\School App\allinone\school\venv\Lib\site-packages\cffi\api.py", line 834, in _make_ffi_library
    backendlib = _load_backend_lib(backend, libname, flags)
  File "C:\Users\USER\Desktop\School App\allinone\school\venv\Lib\site-packages\cffi\api.py", line 829, in _load_backend_lib
    raise OSError(msg)
OSError: cannot load library 'libgobject-2.0-0': error 0x7e.  Additionally, ctypes.util.find_library() did not manage to locate a library called 'libgobject-2.0-0'
ERROR 2026-06-25 14:35:30,359 views 9420 7316 WeasyPrint import failed: cannot load library 'libgobject-2.0-0': error 0x7e.  Additionally, ctypes.util.find_library() did not manage to locate a library called 'libgobject-2.0-0'
Traceback (most recent call last):
  File "C:\Users\USER\Desktop\School App\allinone\school\score\views.py", line 3114, in get_weasyprint_HTML
    from weasyprint import HTML
  File "C:\Users\USER\Desktop\School App\allinone\school\venv\Lib\site-packages\weasyprint\__init__.py", line 371, in <module>
    from .css import preprocess_stylesheet  # noqa: I001, E402
    ^^^^^^^^^^^^^^^^^^^^^^^^^^^^^^^^^^^^^^
  File "C:\Users\USER\Desktop\School App\allinone\school\venv\Lib\site-packages\weasyprint\css\__init__.py", line 29, in <module>
    from ..text.fonts import FontConfiguration
  File "C:\Users\USER\Desktop\School App\allinone\school\venv\Lib\site-packages\weasyprint\text\fonts.py", line 17, in <module>
    from .constants import (  # isort:skip
        CAPS_KEYS, EAST_ASIAN_KEYS, FONTCONFIG_STRETCH, FONTCONFIG_STYLE, FONTCONFIG_WEIGHT,
        LIGATURE_KEYS, NUMERIC_KEYS, PANGO_STRETCH, PANGO_STYLE, PANGO_VARIANT)
  File "C:\Users\USER\Desktop\School App\allinone\school\venv\Lib\site-packages\weasyprint\text\constants.py", line 5, in <module>
    from .ffi import pango
  File "C:\Users\USER\Desktop\School App\allinone\school\venv\Lib\site-packages\weasyprint\text\ffi.py", line 476, in <module>
    gobject = _dlopen(
        ffi, 'libgobject-2.0-0', 'gobject-2.0-0', 'gobject-2.0',
        'libgobject-2.0.so.0', 'libgobject-2.0.0.dylib', 'libgobject-2.0-0.dll')
  File "C:\Users\USER\Desktop\School App\allinone\school\venv\Lib\site-packages\weasyprint\text\ffi.py", line 464, in _dlopen
    return ffi.dlopen(names[0], flags)  # pragma: no cover
           ~~~~~~~~~~^^^^^^^^^^^^^^^^^
  File "C:\Users\USER\Desktop\School App\allinone\school\venv\Lib\site-packages\cffi\api.py", line 150, in dlopen
    lib, function_cache = _make_ffi_library(self, name, flags)
                          ~~~~~~~~~~~~~~~~~^^^^^^^^^^^^^^^^^^^
  File "C:\Users\USER\Desktop\School App\allinone\school\venv\Lib\site-packages\cffi\api.py", line 834, in _make_ffi_library
    backendlib = _load_backend_lib(backend, libname, flags)
  File "C:\Users\USER\Desktop\School App\allinone\school\venv\Lib\site-packages\cffi\api.py", line 829, in _load_backend_lib
    raise OSError(msg)
OSError: cannot load library 'libgobject-2.0-0': error 0x7e.  Additionally, ctypes.util.find_library() did not manage to locate a library called 'libgobject-2.0-0'
ERROR 2026-06-25 14:35:30,658 views 9420 7316 WeasyPrint import failed: cannot load library 'libgobject-2.0-0': error 0x7e.  Additionally, ctypes.util.find_library() did not manage to locate a library called 'libgobject-2.0-0'
Traceback (most recent call last):
  File "C:\Users\USER\Desktop\School App\allinone\school\score\views.py", line 3114, in get_weasyprint_HTML
    from weasyprint import HTML
  File "C:\Users\USER\Desktop\School App\allinone\school\venv\Lib\site-packages\weasyprint\__init__.py", line 371, in <module>
    from .css import preprocess_stylesheet  # noqa: I001, E402
    ^^^^^^^^^^^^^^^^^^^^^^^^^^^^^^^^^^^^^^
  File "C:\Users\USER\Desktop\School App\allinone\school\venv\Lib\site-packages\weasyprint\css\__init__.py", line 29, in <module>
    from ..text.fonts import FontConfiguration
  File "C:\Users\USER\Desktop\School App\allinone\school\venv\Lib\site-packages\weasyprint\text\fonts.py", line 17, in <module>
    from .constants import (  # isort:skip
        CAPS_KEYS, EAST_ASIAN_KEYS, FONTCONFIG_STRETCH, FONTCONFIG_STYLE, FONTCONFIG_WEIGHT,
        LIGATURE_KEYS, NUMERIC_KEYS, PANGO_STRETCH, PANGO_STYLE, PANGO_VARIANT)
  File "C:\Users\USER\Desktop\School App\allinone\school\venv\Lib\site-packages\weasyprint\text\constants.py", line 5, in <module>
    from .ffi import pango
  File "C:\Users\USER\Desktop\School App\allinone\school\venv\Lib\site-packages\weasyprint\text\ffi.py", line 476, in <module>
    gobject = _dlopen(
        ffi, 'libgobject-2.0-0', 'gobject-2.0-0', 'gobject-2.0',
        'libgobject-2.0.so.0', 'libgobject-2.0.0.dylib', 'libgobject-2.0-0.dll')
  File "C:\Users\USER\Desktop\School App\allinone\school\venv\Lib\site-packages\weasyprint\text\ffi.py", line 464, in _dlopen
    return ffi.dlopen(names[0], flags)  # pragma: no cover
           ~~~~~~~~~~^^^^^^^^^^^^^^^^^
  File "C:\Users\USER\Desktop\School App\allinone\school\venv\Lib\site-packages\cffi\api.py", line 150, in dlopen
    lib, function_cache = _make_ffi_library(self, name, flags)
                          ~~~~~~~~~~~~~~~~~^^^^^^^^^^^^^^^^^^^
  File "C:\Users\USER\Desktop\School App\allinone\school\venv\Lib\site-packages\cffi\api.py", line 834, in _make_ffi_library
    backendlib = _load_backend_lib(backend, libname, flags)
  File "C:\Users\USER\Desktop\School App\allinone\school\venv\Lib\site-packages\cffi\api.py", line 829, in _load_backend_lib
    raise OSError(msg)
OSError: cannot load library 'libgobject-2.0-0': error 0x7e.  Additionally, ctypes.util.find_library() did not manage to locate a library called 'libgobject-2.0-0'
ERROR 2026-06-25 14:35:30,907 views 9420 7316 WeasyPrint import failed: cannot load library 'libgobject-2.0-0': error 0x7e.  Additionally, ctypes.util.find_library() did not manage to locate a library called 'libgobject-2.0-0'
Traceback (most recent call last):
  File "C:\Users\USER\Desktop\School App\allinone\school\score\views.py", line 3114, in get_weasyprint_HTML
    from weasyprint import HTML
  File "C:\Users\USER\Desktop\School App\allinone\school\venv\Lib\site-packages\weasyprint\__init__.py", line 371, in <module>
    from .css import preprocess_stylesheet  # noqa: I001, E402
    ^^^^^^^^^^^^^^^^^^^^^^^^^^^^^^^^^^^^^^
  File "C:\Users\USER\Desktop\School App\allinone\school\venv\Lib\site-packages\weasyprint\css\__init__.py", line 29, in <module>
    from ..text.fonts import FontConfiguration
  File "C:\Users\USER\Desktop\School App\allinone\school\venv\Lib\site-packages\weasyprint\text\fonts.py", line 17, in <module>
    from .constants import (  # isort:skip
        CAPS_KEYS, EAST_ASIAN_KEYS, FONTCONFIG_STRETCH, FONTCONFIG_STYLE, FONTCONFIG_WEIGHT,
        LIGATURE_KEYS, NUMERIC_KEYS, PANGO_STRETCH, PANGO_STYLE, PANGO_VARIANT)
  File "C:\Users\USER\Desktop\School App\allinone\school\venv\Lib\site-packages\weasyprint\text\constants.py", line 5, in <module>
    from .ffi import pango
  File "C:\Users\USER\Desktop\School App\allinone\school\venv\Lib\site-packages\weasyprint\text\ffi.py", line 476, in <module>
    gobject = _dlopen(
        ffi, 'libgobject-2.0-0', 'gobject-2.0-0', 'gobject-2.0',
        'libgobject-2.0.so.0', 'libgobject-2.0.0.dylib', 'libgobject-2.0-0.dll')
  File "C:\Users\USER\Desktop\School App\allinone\school\venv\Lib\site-packages\weasyprint\text\ffi.py", line 464, in _dlopen
    return ffi.dlopen(names[0], flags)  # pragma: no cover
           ~~~~~~~~~~^^^^^^^^^^^^^^^^^
  File "C:\Users\USER\Desktop\School App\allinone\school\venv\Lib\site-packages\cffi\api.py", line 150, in dlopen
    lib, function_cache = _make_ffi_library(self, name, flags)
                          ~~~~~~~~~~~~~~~~~^^^^^^^^^^^^^^^^^^^
  File "C:\Users\USER\Desktop\School App\allinone\school\venv\Lib\site-packages\cffi\api.py", line 834, in _make_ffi_library
    backendlib = _load_backend_lib(backend, libname, flags)
  File "C:\Users\USER\Desktop\School App\allinone\school\venv\Lib\site-packages\cffi\api.py", line 829, in _load_backend_lib
    raise OSError(msg)
OSError: cannot load library 'libgobject-2.0-0': error 0x7e.  Additionally, ctypes.util.find_library() did not manage to locate a library called 'libgobject-2.0-0'
ERROR 2026-06-25 14:36:12,244 views 9420 7316 WeasyPrint import failed: cannot load library 'libgobject-2.0-0': error 0x7e.  Additionally, ctypes.util.find_library() did not manage to locate a library called 'libgobject-2.0-0'
Traceback (most recent call last):
  File "C:\Users\USER\Desktop\School App\allinone\school\score\views.py", line 3114, in get_weasyprint_HTML
    from weasyprint import HTML
  File "C:\Users\USER\Desktop\School App\allinone\school\venv\Lib\site-packages\weasyprint\__init__.py", line 371, in <module>
    from .css import preprocess_stylesheet  # noqa: I001, E402
    ^^^^^^^^^^^^^^^^^^^^^^^^^^^^^^^^^^^^^^
  File "C:\Users\USER\Desktop\School App\allinone\school\venv\Lib\site-packages\weasyprint\css\__init__.py", line 29, in <module>
    from ..text.fonts import FontConfiguration
  File "C:\Users\USER\Desktop\School App\allinone\school\venv\Lib\site-packages\weasyprint\text\fonts.py", line 17, in <module>
    from .constants import (  # isort:skip
        CAPS_KEYS, EAST_ASIAN_KEYS, FONTCONFIG_STRETCH, FONTCONFIG_STYLE, FONTCONFIG_WEIGHT,
        LIGATURE_KEYS, NUMERIC_KEYS, PANGO_STRETCH, PANGO_STYLE, PANGO_VARIANT)
  File "C:\Users\USER\Desktop\School App\allinone\school\venv\Lib\site-packages\weasyprint\text\constants.py", line 5, in <module>
    from .ffi import pango
  File "C:\Users\USER\Desktop\School App\allinone\school\venv\Lib\site-packages\weasyprint\text\ffi.py", line 476, in <module>
    gobject = _dlopen(
        ffi, 'libgobject-2.0-0', 'gobject-2.0-0', 'gobject-2.0',
        'libgobject-2.0.so.0', 'libgobject-2.0.0.dylib', 'libgobject-2.0-0.dll')
  File "C:\Users\USER\Desktop\School App\allinone\school\venv\Lib\site-packages\weasyprint\text\ffi.py", line 464, in _dlopen
    return ffi.dlopen(names[0], flags)  # pragma: no cover
           ~~~~~~~~~~^^^^^^^^^^^^^^^^^
  File "C:\Users\USER\Desktop\School App\allinone\school\venv\Lib\site-packages\cffi\api.py", line 150, in dlopen
    lib, function_cache = _make_ffi_library(self, name, flags)
                          ~~~~~~~~~~~~~~~~~^^^^^^^^^^^^^^^^^^^
  File "C:\Users\USER\Desktop\School App\allinone\school\venv\Lib\site-packages\cffi\api.py", line 834, in _make_ffi_library
    backendlib = _load_backend_lib(backend, libname, flags)
  File "C:\Users\USER\Desktop\School App\allinone\school\venv\Lib\site-packages\cffi\api.py", line 829, in _load_backend_lib
    raise OSError(msg)
OSError: cannot load library 'libgobject-2.0-0': error 0x7e.  Additionally, ctypes.util.find_library() did not manage to locate a library called 'libgobject-2.0-0'
ERROR 2026-06-25 15:07:56,950 views 2216 7340 WeasyPrint import failed: cannot load library 'libgobject-2.0-0': error 0x7e.  Additionally, ctypes.util.find_library() did not manage to locate a library called 'libgobject-2.0-0'
Traceback (most recent call last):
  File "C:\Users\USER\Desktop\School App\allinone\school\score\views.py", line 3114, in get_weasyprint_HTML
    from weasyprint import HTML
  File "C:\Users\USER\Desktop\School App\allinone\school\venv\Lib\site-packages\weasyprint\__init__.py", line 371, in <module>
    from .css import preprocess_stylesheet  # noqa: I001, E402
    ^^^^^^^^^^^^^^^^^^^^^^^^^^^^^^^^^^^^^^
  File "C:\Users\USER\Desktop\School App\allinone\school\venv\Lib\site-packages\weasyprint\css\__init__.py", line 29, in <module>
    from ..text.fonts import FontConfiguration
  File "C:\Users\USER\Desktop\School App\allinone\school\venv\Lib\site-packages\weasyprint\text\fonts.py", line 17, in <module>
    from .constants import (  # isort:skip
        CAPS_KEYS, EAST_ASIAN_KEYS, FONTCONFIG_STRETCH, FONTCONFIG_STYLE, FONTCONFIG_WEIGHT,
        LIGATURE_KEYS, NUMERIC_KEYS, PANGO_STRETCH, PANGO_STYLE, PANGO_VARIANT)
  File "C:\Users\USER\Desktop\School App\allinone\school\venv\Lib\site-packages\weasyprint\text\constants.py", line 5, in <module>
    from .ffi import pango
  File "C:\Users\USER\Desktop\School App\allinone\school\venv\Lib\site-packages\weasyprint\text\ffi.py", line 476, in <module>
    gobject = _dlopen(
        ffi, 'libgobject-2.0-0', 'gobject-2.0-0', 'gobject-2.0',
        'libgobject-2.0.so.0', 'libgobject-2.0.0.dylib', 'libgobject-2.0-0.dll')
  File "C:\Users\USER\Desktop\School App\allinone\school\venv\Lib\site-packages\weasyprint\text\ffi.py", line 464, in _dlopen
    return ffi.dlopen(names[0], flags)  # pragma: no cover
           ~~~~~~~~~~^^^^^^^^^^^^^^^^^
  File "C:\Users\USER\Desktop\School App\allinone\school\venv\Lib\site-packages\cffi\api.py", line 150, in dlopen
    lib, function_cache = _make_ffi_library(self, name, flags)
                          ~~~~~~~~~~~~~~~~~^^^^^^^^^^^^^^^^^^^
  File "C:\Users\USER\Desktop\School App\allinone\school\venv\Lib\site-packages\cffi\api.py", line 834, in _make_ffi_library
    backendlib = _load_backend_lib(backend, libname, flags)
  File "C:\Users\USER\Desktop\School App\allinone\school\venv\Lib\site-packages\cffi\api.py", line 829, in _load_backend_lib
    raise OSError(msg)
OSError: cannot load library 'libgobject-2.0-0': error 0x7e.  Additionally, ctypes.util.find_library() did not manage to locate a library called 'libgobject-2.0-0'
ERROR 2026-06-25 15:07:57,664 views 2216 7340 WeasyPrint import failed: cannot load library 'libgobject-2.0-0': error 0x7e.  Additionally, ctypes.util.find_library() did not manage to locate a library called 'libgobject-2.0-0'
Traceback (most recent call last):
  File "C:\Users\USER\Desktop\School App\allinone\school\score\views.py", line 3114, in get_weasyprint_HTML
    from weasyprint import HTML
  File "C:\Users\USER\Desktop\School App\allinone\school\venv\Lib\site-packages\weasyprint\__init__.py", line 371, in <module>
    from .css import preprocess_stylesheet  # noqa: I001, E402
    ^^^^^^^^^^^^^^^^^^^^^^^^^^^^^^^^^^^^^^
  File "C:\Users\USER\Desktop\School App\allinone\school\venv\Lib\site-packages\weasyprint\css\__init__.py", line 29, in <module>
    from ..text.fonts import FontConfiguration
  File "C:\Users\USER\Desktop\School App\allinone\school\venv\Lib\site-packages\weasyprint\text\fonts.py", line 17, in <module>
    from .constants import (  # isort:skip
        CAPS_KEYS, EAST_ASIAN_KEYS, FONTCONFIG_STRETCH, FONTCONFIG_STYLE, FONTCONFIG_WEIGHT,
        LIGATURE_KEYS, NUMERIC_KEYS, PANGO_STRETCH, PANGO_STYLE, PANGO_VARIANT)
  File "C:\Users\USER\Desktop\School App\allinone\school\venv\Lib\site-packages\weasyprint\text\constants.py", line 5, in <module>
    from .ffi import pango
  File "C:\Users\USER\Desktop\School App\allinone\school\venv\Lib\site-packages\weasyprint\text\ffi.py", line 476, in <module>
    gobject = _dlopen(
        ffi, 'libgobject-2.0-0', 'gobject-2.0-0', 'gobject-2.0',
        'libgobject-2.0.so.0', 'libgobject-2.0.0.dylib', 'libgobject-2.0-0.dll')
  File "C:\Users\USER\Desktop\School App\allinone\school\venv\Lib\site-packages\weasyprint\text\ffi.py", line 464, in _dlopen
    return ffi.dlopen(names[0], flags)  # pragma: no cover
           ~~~~~~~~~~^^^^^^^^^^^^^^^^^
  File "C:\Users\USER\Desktop\School App\allinone\school\venv\Lib\site-packages\cffi\api.py", line 150, in dlopen
    lib, function_cache = _make_ffi_library(self, name, flags)
                          ~~~~~~~~~~~~~~~~~^^^^^^^^^^^^^^^^^^^
  File "C:\Users\USER\Desktop\School App\allinone\school\venv\Lib\site-packages\cffi\api.py", line 834, in _make_ffi_library
    backendlib = _load_backend_lib(backend, libname, flags)
  File "C:\Users\USER\Desktop\School App\allinone\school\venv\Lib\site-packages\cffi\api.py", line 829, in _load_backend_lib
    raise OSError(msg)
OSError: cannot load library 'libgobject-2.0-0': error 0x7e.  Additionally, ctypes.util.find_library() did not manage to locate a library called 'libgobject-2.0-0'
ERROR 2026-06-25 15:07:58,226 views 2216 7340 WeasyPrint import failed: cannot load library 'libgobject-2.0-0': error 0x7e.  Additionally, ctypes.util.find_library() did not manage to locate a library called 'libgobject-2.0-0'
Traceback (most recent call last):
  File "C:\Users\USER\Desktop\School App\allinone\school\score\views.py", line 3114, in get_weasyprint_HTML
    from weasyprint import HTML
  File "C:\Users\USER\Desktop\School App\allinone\school\venv\Lib\site-packages\weasyprint\__init__.py", line 371, in <module>
    from .css import preprocess_stylesheet  # noqa: I001, E402
    ^^^^^^^^^^^^^^^^^^^^^^^^^^^^^^^^^^^^^^
  File "C:\Users\USER\Desktop\School App\allinone\school\venv\Lib\site-packages\weasyprint\css\__init__.py", line 29, in <module>
    from ..text.fonts import FontConfiguration
  File "C:\Users\USER\Desktop\School App\allinone\school\venv\Lib\site-packages\weasyprint\text\fonts.py", line 17, in <module>
    from .constants import (  # isort:skip
        CAPS_KEYS, EAST_ASIAN_KEYS, FONTCONFIG_STRETCH, FONTCONFIG_STYLE, FONTCONFIG_WEIGHT,
        LIGATURE_KEYS, NUMERIC_KEYS, PANGO_STRETCH, PANGO_STYLE, PANGO_VARIANT)
  File "C:\Users\USER\Desktop\School App\allinone\school\venv\Lib\site-packages\weasyprint\text\constants.py", line 5, in <module>
    from .ffi import pango
  File "C:\Users\USER\Desktop\School App\allinone\school\venv\Lib\site-packages\weasyprint\text\ffi.py", line 476, in <module>
    gobject = _dlopen(
        ffi, 'libgobject-2.0-0', 'gobject-2.0-0', 'gobject-2.0',
        'libgobject-2.0.so.0', 'libgobject-2.0.0.dylib', 'libgobject-2.0-0.dll')
  File "C:\Users\USER\Desktop\School App\allinone\school\venv\Lib\site-packages\weasyprint\text\ffi.py", line 464, in _dlopen
    return ffi.dlopen(names[0], flags)  # pragma: no cover
           ~~~~~~~~~~^^^^^^^^^^^^^^^^^
  File "C:\Users\USER\Desktop\School App\allinone\school\venv\Lib\site-packages\cffi\api.py", line 150, in dlopen
    lib, function_cache = _make_ffi_library(self, name, flags)
                          ~~~~~~~~~~~~~~~~~^^^^^^^^^^^^^^^^^^^
  File "C:\Users\USER\Desktop\School App\allinone\school\venv\Lib\site-packages\cffi\api.py", line 834, in _make_ffi_library
    backendlib = _load_backend_lib(backend, libname, flags)
  File "C:\Users\USER\Desktop\School App\allinone\school\venv\Lib\site-packages\cffi\api.py", line 829, in _load_backend_lib
    raise OSError(msg)
OSError: cannot load library 'libgobject-2.0-0': error 0x7e.  Additionally, ctypes.util.find_library() did not manage to locate a library called 'libgobject-2.0-0'
ERROR 2026-06-25 15:07:59,264 views 2216 7340 WeasyPrint import failed: cannot load library 'libgobject-2.0-0': error 0x7e.  Additionally, ctypes.util.find_library() did not manage to locate a library called 'libgobject-2.0-0'
Traceback (most recent call last):
  File "C:\Users\USER\Desktop\School App\allinone\school\score\views.py", line 3114, in get_weasyprint_HTML
    from weasyprint import HTML
  File "C:\Users\USER\Desktop\School App\allinone\school\venv\Lib\site-packages\weasyprint\__init__.py", line 371, in <module>
    from .css import preprocess_stylesheet  # noqa: I001, E402
    ^^^^^^^^^^^^^^^^^^^^^^^^^^^^^^^^^^^^^^
  File "C:\Users\USER\Desktop\School App\allinone\school\venv\Lib\site-packages\weasyprint\css\__init__.py", line 29, in <module>
    from ..text.fonts import FontConfiguration
  File "C:\Users\USER\Desktop\School App\allinone\school\venv\Lib\site-packages\weasyprint\text\fonts.py", line 17, in <module>
    from .constants import (  # isort:skip
        CAPS_KEYS, EAST_ASIAN_KEYS, FONTCONFIG_STRETCH, FONTCONFIG_STYLE, FONTCONFIG_WEIGHT,
        LIGATURE_KEYS, NUMERIC_KEYS, PANGO_STRETCH, PANGO_STYLE, PANGO_VARIANT)
  File "C:\Users\USER\Desktop\School App\allinone\school\venv\Lib\site-packages\weasyprint\text\constants.py", line 5, in <module>
    from .ffi import pango
  File "C:\Users\USER\Desktop\School App\allinone\school\venv\Lib\site-packages\weasyprint\text\ffi.py", line 476, in <module>
    gobject = _dlopen(
        ffi, 'libgobject-2.0-0', 'gobject-2.0-0', 'gobject-2.0',
        'libgobject-2.0.so.0', 'libgobject-2.0.0.dylib', 'libgobject-2.0-0.dll')
  File "C:\Users\USER\Desktop\School App\allinone\school\venv\Lib\site-packages\weasyprint\text\ffi.py", line 464, in _dlopen
    return ffi.dlopen(names[0], flags)  # pragma: no cover
           ~~~~~~~~~~^^^^^^^^^^^^^^^^^
  File "C:\Users\USER\Desktop\School App\allinone\school\venv\Lib\site-packages\cffi\api.py", line 150, in dlopen
    lib, function_cache = _make_ffi_library(self, name, flags)
                          ~~~~~~~~~~~~~~~~~^^^^^^^^^^^^^^^^^^^
  File "C:\Users\USER\Desktop\School App\allinone\school\venv\Lib\site-packages\cffi\api.py", line 834, in _make_ffi_library
    backendlib = _load_backend_lib(backend, libname, flags)
  File "C:\Users\USER\Desktop\School App\allinone\school\venv\Lib\site-packages\cffi\api.py", line 829, in _load_backend_lib
    raise OSError(msg)
OSError: cannot load library 'libgobject-2.0-0': error 0x7e.  Additionally, ctypes.util.find_library() did not manage to locate a library called 'libgobject-2.0-0'
ERROR 2026-06-25 15:07:59,910 views 2216 7340 WeasyPrint import failed: cannot load library 'libgobject-2.0-0': error 0x7e.  Additionally, ctypes.util.find_library() did not manage to locate a library called 'libgobject-2.0-0'
Traceback (most recent call last):
  File "C:\Users\USER\Desktop\School App\allinone\school\score\views.py", line 3114, in get_weasyprint_HTML
    from weasyprint import HTML
  File "C:\Users\USER\Desktop\School App\allinone\school\venv\Lib\site-packages\weasyprint\__init__.py", line 371, in <module>
    from .css import preprocess_stylesheet  # noqa: I001, E402
    ^^^^^^^^^^^^^^^^^^^^^^^^^^^^^^^^^^^^^^
  File "C:\Users\USER\Desktop\School App\allinone\school\venv\Lib\site-packages\weasyprint\css\__init__.py", line 29, in <module>
    from ..text.fonts import FontConfiguration
  File "C:\Users\USER\Desktop\School App\allinone\school\venv\Lib\site-packages\weasyprint\text\fonts.py", line 17, in <module>
    from .constants import (  # isort:skip
        CAPS_KEYS, EAST_ASIAN_KEYS, FONTCONFIG_STRETCH, FONTCONFIG_STYLE, FONTCONFIG_WEIGHT,
        LIGATURE_KEYS, NUMERIC_KEYS, PANGO_STRETCH, PANGO_STYLE, PANGO_VARIANT)
  File "C:\Users\USER\Desktop\School App\allinone\school\venv\Lib\site-packages\weasyprint\text\constants.py", line 5, in <module>
    from .ffi import pango
  File "C:\Users\USER\Desktop\School App\allinone\school\venv\Lib\site-packages\weasyprint\text\ffi.py", line 476, in <module>
    gobject = _dlopen(
        ffi, 'libgobject-2.0-0', 'gobject-2.0-0', 'gobject-2.0',
        'libgobject-2.0.so.0', 'libgobject-2.0.0.dylib', 'libgobject-2.0-0.dll')
  File "C:\Users\USER\Desktop\School App\allinone\school\venv\Lib\site-packages\weasyprint\text\ffi.py", line 464, in _dlopen
    return ffi.dlopen(names[0], flags)  # pragma: no cover
           ~~~~~~~~~~^^^^^^^^^^^^^^^^^
  File "C:\Users\USER\Desktop\School App\allinone\school\venv\Lib\site-packages\cffi\api.py", line 150, in dlopen
    lib, function_cache = _make_ffi_library(self, name, flags)
                          ~~~~~~~~~~~~~~~~~^^^^^^^^^^^^^^^^^^^
  File "C:\Users\USER\Desktop\School App\allinone\school\venv\Lib\site-packages\cffi\api.py", line 834, in _make_ffi_library
    backendlib = _load_backend_lib(backend, libname, flags)
  File "C:\Users\USER\Desktop\School App\allinone\school\venv\Lib\site-packages\cffi\api.py", line 829, in _load_backend_lib
    raise OSError(msg)
OSError: cannot load library 'libgobject-2.0-0': error 0x7e.  Additionally, ctypes.util.find_library() did not manage to locate a library called 'libgobject-2.0-0'
ERROR 2026-06-25 15:08:12,297 views 2216 7340 WeasyPrint import failed: cannot load library 'libgobject-2.0-0': error 0x7e.  Additionally, ctypes.util.find_library() did not manage to locate a library called 'libgobject-2.0-0'
Traceback (most recent call last):
  File "C:\Users\USER\Desktop\School App\allinone\school\score\views.py", line 3114, in get_weasyprint_HTML
    from weasyprint import HTML
  File "C:\Users\USER\Desktop\School App\allinone\school\venv\Lib\site-packages\weasyprint\__init__.py", line 371, in <module>
    from .css import preprocess_stylesheet  # noqa: I001, E402
    ^^^^^^^^^^^^^^^^^^^^^^^^^^^^^^^^^^^^^^
  File "C:\Users\USER\Desktop\School App\allinone\school\venv\Lib\site-packages\weasyprint\css\__init__.py", line 29, in <module>
    from ..text.fonts import FontConfiguration
  File "C:\Users\USER\Desktop\School App\allinone\school\venv\Lib\site-packages\weasyprint\text\fonts.py", line 17, in <module>
    from .constants import (  # isort:skip
        CAPS_KEYS, EAST_ASIAN_KEYS, FONTCONFIG_STRETCH, FONTCONFIG_STYLE, FONTCONFIG_WEIGHT,
        LIGATURE_KEYS, NUMERIC_KEYS, PANGO_STRETCH, PANGO_STYLE, PANGO_VARIANT)
  File "C:\Users\USER\Desktop\School App\allinone\school\venv\Lib\site-packages\weasyprint\text\constants.py", line 5, in <module>
    from .ffi import pango
  File "C:\Users\USER\Desktop\School App\allinone\school\venv\Lib\site-packages\weasyprint\text\ffi.py", line 476, in <module>
    gobject = _dlopen(
        ffi, 'libgobject-2.0-0', 'gobject-2.0-0', 'gobject-2.0',
        'libgobject-2.0.so.0', 'libgobject-2.0.0.dylib', 'libgobject-2.0-0.dll')
  File "C:\Users\USER\Desktop\School App\allinone\school\venv\Lib\site-packages\weasyprint\text\ffi.py", line 464, in _dlopen
    return ffi.dlopen(names[0], flags)  # pragma: no cover
           ~~~~~~~~~~^^^^^^^^^^^^^^^^^
  File "C:\Users\USER\Desktop\School App\allinone\school\venv\Lib\site-packages\cffi\api.py", line 150, in dlopen
    lib, function_cache = _make_ffi_library(self, name, flags)
                          ~~~~~~~~~~~~~~~~~^^^^^^^^^^^^^^^^^^^
  File "C:\Users\USER\Desktop\School App\allinone\school\venv\Lib\site-packages\cffi\api.py", line 834, in _make_ffi_library
    backendlib = _load_backend_lib(backend, libname, flags)
  File "C:\Users\USER\Desktop\School App\allinone\school\venv\Lib\site-packages\cffi\api.py", line 829, in _load_backend_lib
    raise OSError(msg)
OSError: cannot load library 'libgobject-2.0-0': error 0x7e.  Additionally, ctypes.util.find_library() did not manage to locate a library called 'libgobject-2.0-0'
ERROR 2026-06-25 15:08:12,965 views 2216 7340 WeasyPrint import failed: cannot load library 'libgobject-2.0-0': error 0x7e.  Additionally, ctypes.util.find_library() did not manage to locate a library called 'libgobject-2.0-0'
Traceback (most recent call last):
  File "C:\Users\USER\Desktop\School App\allinone\school\score\views.py", line 3114, in get_weasyprint_HTML
    from weasyprint import HTML
  File "C:\Users\USER\Desktop\School App\allinone\school\venv\Lib\site-packages\weasyprint\__init__.py", line 371, in <module>
    from .css import preprocess_stylesheet  # noqa: I001, E402
    ^^^^^^^^^^^^^^^^^^^^^^^^^^^^^^^^^^^^^^
  File "C:\Users\USER\Desktop\School App\allinone\school\venv\Lib\site-packages\weasyprint\css\__init__.py", line 29, in <module>
    from ..text.fonts import FontConfiguration
  File "C:\Users\USER\Desktop\School App\allinone\school\venv\Lib\site-packages\weasyprint\text\fonts.py", line 17, in <module>
    from .constants import (  # isort:skip
        CAPS_KEYS, EAST_ASIAN_KEYS, FONTCONFIG_STRETCH, FONTCONFIG_STYLE, FONTCONFIG_WEIGHT,
        LIGATURE_KEYS, NUMERIC_KEYS, PANGO_STRETCH, PANGO_STYLE, PANGO_VARIANT)
  File "C:\Users\USER\Desktop\School App\allinone\school\venv\Lib\site-packages\weasyprint\text\constants.py", line 5, in <module>
    from .ffi import pango
  File "C:\Users\USER\Desktop\School App\allinone\school\venv\Lib\site-packages\weasyprint\text\ffi.py", line 476, in <module>
    gobject = _dlopen(
        ffi, 'libgobject-2.0-0', 'gobject-2.0-0', 'gobject-2.0',
        'libgobject-2.0.so.0', 'libgobject-2.0.0.dylib', 'libgobject-2.0-0.dll')
  File "C:\Users\USER\Desktop\School App\allinone\school\venv\Lib\site-packages\weasyprint\text\ffi.py", line 464, in _dlopen
    return ffi.dlopen(names[0], flags)  # pragma: no cover
           ~~~~~~~~~~^^^^^^^^^^^^^^^^^
  File "C:\Users\USER\Desktop\School App\allinone\school\venv\Lib\site-packages\cffi\api.py", line 150, in dlopen
    lib, function_cache = _make_ffi_library(self, name, flags)
                          ~~~~~~~~~~~~~~~~~^^^^^^^^^^^^^^^^^^^
  File "C:\Users\USER\Desktop\School App\allinone\school\venv\Lib\site-packages\cffi\api.py", line 834, in _make_ffi_library
    backendlib = _load_backend_lib(backend, libname, flags)
  File "C:\Users\USER\Desktop\School App\allinone\school\venv\Lib\site-packages\cffi\api.py", line 829, in _load_backend_lib
    raise OSError(msg)
OSError: cannot load library 'libgobject-2.0-0': error 0x7e.  Additionally, ctypes.util.find_library() did not manage to locate a library called 'libgobject-2.0-0'
ERROR 2026-06-25 15:08:13,560 views 2216 7340 WeasyPrint import failed: cannot load library 'libgobject-2.0-0': error 0x7e.  Additionally, ctypes.util.find_library() did not manage to locate a library called 'libgobject-2.0-0'
Traceback (most recent call last):
  File "C:\Users\USER\Desktop\School App\allinone\school\score\views.py", line 3114, in get_weasyprint_HTML
    from weasyprint import HTML
  File "C:\Users\USER\Desktop\School App\allinone\school\venv\Lib\site-packages\weasyprint\__init__.py", line 371, in <module>
    from .css import preprocess_stylesheet  # noqa: I001, E402
    ^^^^^^^^^^^^^^^^^^^^^^^^^^^^^^^^^^^^^^
  File "C:\Users\USER\Desktop\School App\allinone\school\venv\Lib\site-packages\weasyprint\css\__init__.py", line 29, in <module>
    from ..text.fonts import FontConfiguration
  File "C:\Users\USER\Desktop\School App\allinone\school\venv\Lib\site-packages\weasyprint\text\fonts.py", line 17, in <module>
    from .constants import (  # isort:skip
        CAPS_KEYS, EAST_ASIAN_KEYS, FONTCONFIG_STRETCH, FONTCONFIG_STYLE, FONTCONFIG_WEIGHT,
        LIGATURE_KEYS, NUMERIC_KEYS, PANGO_STRETCH, PANGO_STYLE, PANGO_VARIANT)
  File "C:\Users\USER\Desktop\School App\allinone\school\venv\Lib\site-packages\weasyprint\text\constants.py", line 5, in <module>
    from .ffi import pango
  File "C:\Users\USER\Desktop\School App\allinone\school\venv\Lib\site-packages\weasyprint\text\ffi.py", line 476, in <module>
    gobject = _dlopen(
        ffi, 'libgobject-2.0-0', 'gobject-2.0-0', 'gobject-2.0',
        'libgobject-2.0.so.0', 'libgobject-2.0.0.dylib', 'libgobject-2.0-0.dll')
  File "C:\Users\USER\Desktop\School App\allinone\school\venv\Lib\site-packages\weasyprint\text\ffi.py", line 464, in _dlopen
    return ffi.dlopen(names[0], flags)  # pragma: no cover
           ~~~~~~~~~~^^^^^^^^^^^^^^^^^
  File "C:\Users\USER\Desktop\School App\allinone\school\venv\Lib\site-packages\cffi\api.py", line 150, in dlopen
    lib, function_cache = _make_ffi_library(self, name, flags)
                          ~~~~~~~~~~~~~~~~~^^^^^^^^^^^^^^^^^^^
  File "C:\Users\USER\Desktop\School App\allinone\school\venv\Lib\site-packages\cffi\api.py", line 834, in _make_ffi_library
    backendlib = _load_backend_lib(backend, libname, flags)
  File "C:\Users\USER\Desktop\School App\allinone\school\venv\Lib\site-packages\cffi\api.py", line 829, in _load_backend_lib
    raise OSError(msg)
OSError: cannot load library 'libgobject-2.0-0': error 0x7e.  Additionally, ctypes.util.find_library() did not manage to locate a library called 'libgobject-2.0-0'
ERROR 2026-06-25 15:08:14,079 views 2216 7340 WeasyPrint import failed: cannot load library 'libgobject-2.0-0': error 0x7e.  Additionally, ctypes.util.find_library() did not manage to locate a library called 'libgobject-2.0-0'
Traceback (most recent call last):
  File "C:\Users\USER\Desktop\School App\allinone\school\score\views.py", line 3114, in get_weasyprint_HTML
    from weasyprint import HTML
  File "C:\Users\USER\Desktop\School App\allinone\school\venv\Lib\site-packages\weasyprint\__init__.py", line 371, in <module>
    from .css import preprocess_stylesheet  # noqa: I001, E402
    ^^^^^^^^^^^^^^^^^^^^^^^^^^^^^^^^^^^^^^
  File "C:\Users\USER\Desktop\School App\allinone\school\venv\Lib\site-packages\weasyprint\css\__init__.py", line 29, in <module>
    from ..text.fonts import FontConfiguration
  File "C:\Users\USER\Desktop\School App\allinone\school\venv\Lib\site-packages\weasyprint\text\fonts.py", line 17, in <module>
    from .constants import (  # isort:skip
        CAPS_KEYS, EAST_ASIAN_KEYS, FONTCONFIG_STRETCH, FONTCONFIG_STYLE, FONTCONFIG_WEIGHT,
        LIGATURE_KEYS, NUMERIC_KEYS, PANGO_STRETCH, PANGO_STYLE, PANGO_VARIANT)
  File "C:\Users\USER\Desktop\School App\allinone\school\venv\Lib\site-packages\weasyprint\text\constants.py", line 5, in <module>
    from .ffi import pango
  File "C:\Users\USER\Desktop\School App\allinone\school\venv\Lib\site-packages\weasyprint\text\ffi.py", line 476, in <module>
    gobject = _dlopen(
        ffi, 'libgobject-2.0-0', 'gobject-2.0-0', 'gobject-2.0',
        'libgobject-2.0.so.0', 'libgobject-2.0.0.dylib', 'libgobject-2.0-0.dll')
  File "C:\Users\USER\Desktop\School App\allinone\school\venv\Lib\site-packages\weasyprint\text\ffi.py", line 464, in _dlopen
    return ffi.dlopen(names[0], flags)  # pragma: no cover
           ~~~~~~~~~~^^^^^^^^^^^^^^^^^
  File "C:\Users\USER\Desktop\School App\allinone\school\venv\Lib\site-packages\cffi\api.py", line 150, in dlopen
    lib, function_cache = _make_ffi_library(self, name, flags)
                          ~~~~~~~~~~~~~~~~~^^^^^^^^^^^^^^^^^^^
  File "C:\Users\USER\Desktop\School App\allinone\school\venv\Lib\site-packages\cffi\api.py", line 834, in _make_ffi_library
    backendlib = _load_backend_lib(backend, libname, flags)
  File "C:\Users\USER\Desktop\School App\allinone\school\venv\Lib\site-packages\cffi\api.py", line 829, in _load_backend_lib
    raise OSError(msg)
OSError: cannot load library 'libgobject-2.0-0': error 0x7e.  Additionally, ctypes.util.find_library() did not manage to locate a library called 'libgobject-2.0-0'
ERROR 2026-06-25 15:08:14,719 views 2216 7340 WeasyPrint import failed: cannot load library 'libgobject-2.0-0': error 0x7e.  Additionally, ctypes.util.find_library() did not manage to locate a library called 'libgobject-2.0-0'
Traceback (most recent call last):
  File "C:\Users\USER\Desktop\School App\allinone\school\score\views.py", line 3114, in get_weasyprint_HTML
    from weasyprint import HTML
  File "C:\Users\USER\Desktop\School App\allinone\school\venv\Lib\site-packages\weasyprint\__init__.py", line 371, in <module>
    from .css import preprocess_stylesheet  # noqa: I001, E402
    ^^^^^^^^^^^^^^^^^^^^^^^^^^^^^^^^^^^^^^
  File "C:\Users\USER\Desktop\School App\allinone\school\venv\Lib\site-packages\weasyprint\css\__init__.py", line 29, in <module>
    from ..text.fonts import FontConfiguration
  File "C:\Users\USER\Desktop\School App\allinone\school\venv\Lib\site-packages\weasyprint\text\fonts.py", line 17, in <module>
    from .constants import (  # isort:skip
        CAPS_KEYS, EAST_ASIAN_KEYS, FONTCONFIG_STRETCH, FONTCONFIG_STYLE, FONTCONFIG_WEIGHT,
        LIGATURE_KEYS, NUMERIC_KEYS, PANGO_STRETCH, PANGO_STYLE, PANGO_VARIANT)
  File "C:\Users\USER\Desktop\School App\allinone\school\venv\Lib\site-packages\weasyprint\text\constants.py", line 5, in <module>
    from .ffi import pango
  File "C:\Users\USER\Desktop\School App\allinone\school\venv\Lib\site-packages\weasyprint\text\ffi.py", line 476, in <module>
    gobject = _dlopen(
        ffi, 'libgobject-2.0-0', 'gobject-2.0-0', 'gobject-2.0',
        'libgobject-2.0.so.0', 'libgobject-2.0.0.dylib', 'libgobject-2.0-0.dll')
  File "C:\Users\USER\Desktop\School App\allinone\school\venv\Lib\site-packages\weasyprint\text\ffi.py", line 464, in _dlopen
    return ffi.dlopen(names[0], flags)  # pragma: no cover
           ~~~~~~~~~~^^^^^^^^^^^^^^^^^
  File "C:\Users\USER\Desktop\School App\allinone\school\venv\Lib\site-packages\cffi\api.py", line 150, in dlopen
    lib, function_cache = _make_ffi_library(self, name, flags)
                          ~~~~~~~~~~~~~~~~~^^^^^^^^^^^^^^^^^^^
  File "C:\Users\USER\Desktop\School App\allinone\school\venv\Lib\site-packages\cffi\api.py", line 834, in _make_ffi_library
    backendlib = _load_backend_lib(backend, libname, flags)
  File "C:\Users\USER\Desktop\School App\allinone\school\venv\Lib\site-packages\cffi\api.py", line 829, in _load_backend_lib
    raise OSError(msg)
OSError: cannot load library 'libgobject-2.0-0': error 0x7e.  Additionally, ctypes.util.find_library() did not manage to locate a library called 'libgobject-2.0-0'
